  [1m[35m (0.1ms)[0m  [1m[34mSELECT sqlite_version(*)[0m
  ↳ /home/Ovsjah/.rvm/rubies/ruby-2.6.1/lib/ruby/gems/2.6.0/gems/rake-12.3.2/lib/rake/task.rb:273
  [1m[35m (101.8ms)[0m  [1m[35mCREATE TABLE "schema_migrations" ("version" varchar NOT NULL PRIMARY KEY)[0m
  ↳ /home/Ovsjah/.rvm/rubies/ruby-2.6.1/lib/ruby/gems/2.6.0/gems/rake-12.3.2/lib/rake/task.rb:273
  [1m[35m (83.0ms)[0m  [1m[35mCREATE TABLE "ar_internal_metadata" ("key" varchar NOT NULL PRIMARY KEY, "value" varchar, "created_at" datetime NOT NULL, "updated_at" datetime NOT NULL)[0m
  ↳ /home/Ovsjah/.rvm/rubies/ruby-2.6.1/lib/ruby/gems/2.6.0/gems/rake-12.3.2/lib/rake/task.rb:273
  [1m[35m (0.1ms)[0m  [1m[34mSELECT "schema_migrations"."version" FROM "schema_migrations" ORDER BY "schema_migrations"."version" ASC[0m
  ↳ /home/Ovsjah/.rvm/rubies/ruby-2.6.1/lib/ruby/gems/2.6.0/gems/rake-12.3.2/lib/rake/task.rb:273
Migrating to CreateClients (20190220114816)
  [1m[35m (0.0ms)[0m  [1m[36mbegin transaction[0m
  ↳ /home/Ovsjah/.rvm/rubies/ruby-2.6.1/lib/ruby/gems/2.6.0/gems/rake-12.3.2/lib/rake/task.rb:273
  [1m[35m (0.2ms)[0m  [1m[35mCREATE TABLE "clients" ("id" integer PRIMARY KEY AUTOINCREMENT NOT NULL, "name" varchar, "created_at" datetime NOT NULL, "updated_at" datetime NOT NULL)[0m
  ↳ db/migrate/20190220114816_create_clients.rb:3
  [1m[36mActiveRecord::SchemaMigration Create (0.1ms)[0m  [1m[32mINSERT INTO "schema_migrations" ("version") VALUES (?)[0m  [["version", "20190220114816"]]
  ↳ /home/Ovsjah/.rvm/rubies/ruby-2.6.1/lib/ruby/gems/2.6.0/gems/rake-12.3.2/lib/rake/task.rb:273
  [1m[35m (70.5ms)[0m  [1m[36mcommit transaction[0m
  ↳ /home/Ovsjah/.rvm/rubies/ruby-2.6.1/lib/ruby/gems/2.6.0/gems/rake-12.3.2/lib/rake/task.rb:273
Migrating to CreateTables (20190220115207)
  [1m[35m (0.1ms)[0m  [1m[36mbegin transaction[0m
  ↳ /home/Ovsjah/.rvm/rubies/ruby-2.6.1/lib/ruby/gems/2.6.0/gems/rake-12.3.2/lib/rake/task.rb:273
  [1m[35m (0.0ms)[0m  [1m[31mrollback transaction[0m
  ↳ /home/Ovsjah/.rvm/rubies/ruby-2.6.1/lib/ruby/gems/2.6.0/gems/rake-12.3.2/lib/rake/task.rb:273
  [1m[35m (0.1ms)[0m  [1m[34mSELECT "schema_migrations"."version" FROM "schema_migrations" ORDER BY "schema_migrations"."version" ASC[0m
  ↳ /home/Ovsjah/.rvm/rubies/ruby-2.6.1/lib/ruby/gems/2.6.0/gems/rake-12.3.2/lib/rake/task.rb:273
Migrating to CreateTables (20190220115207)
  [1m[35m (0.0ms)[0m  [1m[36mbegin transaction[0m
  ↳ /home/Ovsjah/.rvm/rubies/ruby-2.6.1/lib/ruby/gems/2.6.0/gems/rake-12.3.2/lib/rake/task.rb:273
  [1m[35m (0.0ms)[0m  [1m[31mrollback transaction[0m
  ↳ /home/Ovsjah/.rvm/rubies/ruby-2.6.1/lib/ruby/gems/2.6.0/gems/rake-12.3.2/lib/rake/task.rb:273
  [1m[35m (0.1ms)[0m  [1m[34mSELECT "schema_migrations"."version" FROM "schema_migrations" ORDER BY "schema_migrations"."version" ASC[0m
  ↳ /home/Ovsjah/.rvm/rubies/ruby-2.6.1/lib/ruby/gems/2.6.0/gems/rake-12.3.2/lib/rake/task.rb:273
Migrating to CreateTables (20190220115207)
  [1m[35m (0.0ms)[0m  [1m[36mbegin transaction[0m
  ↳ /home/Ovsjah/.rvm/rubies/ruby-2.6.1/lib/ruby/gems/2.6.0/gems/rake-12.3.2/lib/rake/task.rb:273
  [1m[35m (0.0ms)[0m  [1m[31mrollback transaction[0m
  ↳ /home/Ovsjah/.rvm/rubies/ruby-2.6.1/lib/ruby/gems/2.6.0/gems/rake-12.3.2/lib/rake/task.rb:273
  [1m[35m (0.1ms)[0m  [1m[34mSELECT "schema_migrations"."version" FROM "schema_migrations" ORDER BY "schema_migrations"."version" ASC[0m
  ↳ /home/Ovsjah/.rvm/rubies/ruby-2.6.1/lib/ruby/gems/2.6.0/gems/rake-12.3.2/lib/rake/task.rb:273
  [1m[35m (0.1ms)[0m  [1m[34mSELECT "ar_internal_metadata"."value" FROM "ar_internal_metadata" WHERE "ar_internal_metadata"."key" = ?[0m  [["key", "environment"]]
  ↳ /home/Ovsjah/.rvm/rubies/ruby-2.6.1/lib/ruby/gems/2.6.0/gems/rake-12.3.2/lib/rake/task.rb:273
  [1m[35m (0.1ms)[0m  [1m[34mSELECT "schema_migrations"."version" FROM "schema_migrations" ORDER BY "schema_migrations"."version" ASC[0m
  ↳ /home/Ovsjah/.rvm/rubies/ruby-2.6.1/lib/ruby/gems/2.6.0/gems/rake-12.3.2/lib/rake/task.rb:273
Migrating to CreateRestaurants (20190220120250)
  [1m[35m (0.0ms)[0m  [1m[36mbegin transaction[0m
  ↳ /home/Ovsjah/.rvm/rubies/ruby-2.6.1/lib/ruby/gems/2.6.0/gems/rake-12.3.2/lib/rake/task.rb:273
  [1m[35m (0.0ms)[0m  [1m[34mSELECT sqlite_version(*)[0m
  ↳ db/migrate/20190220120250_create_restaurants.rb:3
  [1m[35m (0.2ms)[0m  [1m[35mCREATE TABLE "restaurants" ("id" integer PRIMARY KEY AUTOINCREMENT NOT NULL, "name" varchar, "schedule" varchar, "created_at" datetime NOT NULL, "updated_at" datetime NOT NULL)[0m
  ↳ db/migrate/20190220120250_create_restaurants.rb:3
  [1m[36mActiveRecord::SchemaMigration Create (0.1ms)[0m  [1m[32mINSERT INTO "schema_migrations" ("version") VALUES (?)[0m  [["version", "20190220120250"]]
  ↳ /home/Ovsjah/.rvm/rubies/ruby-2.6.1/lib/ruby/gems/2.6.0/gems/rake-12.3.2/lib/rake/task.rb:273
  [1m[35m (77.6ms)[0m  [1m[36mcommit transaction[0m
  ↳ /home/Ovsjah/.rvm/rubies/ruby-2.6.1/lib/ruby/gems/2.6.0/gems/rake-12.3.2/lib/rake/task.rb:273
Migrating to CreateTables (20190220120828)
  [1m[35m (0.1ms)[0m  [1m[36mbegin transaction[0m
  ↳ /home/Ovsjah/.rvm/rubies/ruby-2.6.1/lib/ruby/gems/2.6.0/gems/rake-12.3.2/lib/rake/task.rb:273
  [1m[35m (0.4ms)[0m  [1m[35mCREATE TABLE "tables" ("id" integer PRIMARY KEY AUTOINCREMENT NOT NULL, "reservation" boolean, "reservation_period" integer, "reserved_at" datetime, "restaraunt_id" integer, "created_at" datetime NOT NULL, "updated_at" datetime NOT NULL, CONSTRAINT "fk_rails_05215e9773"
FOREIGN KEY ("restaraunt_id")
  REFERENCES "restaraunts" ("id")
)[0m
  ↳ db/migrate/20190220120828_create_tables.rb:3
  [1m[35m (0.2ms)[0m  [1m[35mCREATE  INDEX "index_tables_on_restaraunt_id" ON "tables" ("restaraunt_id")[0m
  ↳ db/migrate/20190220120828_create_tables.rb:3
  [1m[36mActiveRecord::SchemaMigration Create (0.2ms)[0m  [1m[32mINSERT INTO "schema_migrations" ("version") VALUES (?)[0m  [["version", "20190220120828"]]
  ↳ /home/Ovsjah/.rvm/rubies/ruby-2.6.1/lib/ruby/gems/2.6.0/gems/rake-12.3.2/lib/rake/task.rb:273
  [1m[35m (69.6ms)[0m  [1m[36mcommit transaction[0m
  ↳ /home/Ovsjah/.rvm/rubies/ruby-2.6.1/lib/ruby/gems/2.6.0/gems/rake-12.3.2/lib/rake/task.rb:273
Migrating to CreateReservations (20190220120854)
  [1m[35m (0.1ms)[0m  [1m[36mbegin transaction[0m
  ↳ /home/Ovsjah/.rvm/rubies/ruby-2.6.1/lib/ruby/gems/2.6.0/gems/rake-12.3.2/lib/rake/task.rb:273
  [1m[35m (0.4ms)[0m  [1m[35mCREATE TABLE "reservations" ("id" integer PRIMARY KEY AUTOINCREMENT NOT NULL, "client_id" integer, "table_id" integer, "created_at" datetime NOT NULL, "updated_at" datetime NOT NULL, CONSTRAINT "fk_rails_9c963d6879"
FOREIGN KEY ("client_id")
  REFERENCES "clients" ("id")
, CONSTRAINT "fk_rails_23ce71128d"
FOREIGN KEY ("table_id")
  REFERENCES "tables" ("id")
)[0m
  ↳ db/migrate/20190220120854_create_reservations.rb:3
  [1m[35m (0.2ms)[0m  [1m[35mCREATE  INDEX "index_reservations_on_client_id" ON "reservations" ("client_id")[0m
  ↳ db/migrate/20190220120854_create_reservations.rb:3
  [1m[35m (0.1ms)[0m  [1m[35mCREATE  INDEX "index_reservations_on_table_id" ON "reservations" ("table_id")[0m
  ↳ db/migrate/20190220120854_create_reservations.rb:3
  [1m[36mActiveRecord::SchemaMigration Create (0.2ms)[0m  [1m[32mINSERT INTO "schema_migrations" ("version") VALUES (?)[0m  [["version", "20190220120854"]]
  ↳ /home/Ovsjah/.rvm/rubies/ruby-2.6.1/lib/ruby/gems/2.6.0/gems/rake-12.3.2/lib/rake/task.rb:273
  [1m[35m (69.0ms)[0m  [1m[36mcommit transaction[0m
  ↳ /home/Ovsjah/.rvm/rubies/ruby-2.6.1/lib/ruby/gems/2.6.0/gems/rake-12.3.2/lib/rake/task.rb:273
  [1m[36mActiveRecord::InternalMetadata Load (0.2ms)[0m  [1m[34mSELECT  "ar_internal_metadata".* FROM "ar_internal_metadata" WHERE "ar_internal_metadata"."key" = ? LIMIT ?[0m  [["key", "environment"], ["LIMIT", 1]]
  ↳ /home/Ovsjah/.rvm/rubies/ruby-2.6.1/lib/ruby/gems/2.6.0/gems/rake-12.3.2/lib/rake/task.rb:273
  [1m[35m (0.1ms)[0m  [1m[36mbegin transaction[0m
  ↳ /home/Ovsjah/.rvm/rubies/ruby-2.6.1/lib/ruby/gems/2.6.0/gems/rake-12.3.2/lib/rake/task.rb:273
  [1m[36mActiveRecord::InternalMetadata Create (0.4ms)[0m  [1m[32mINSERT INTO "ar_internal_metadata" ("key", "value", "created_at", "updated_at") VALUES (?, ?, ?, ?)[0m  [["key", "environment"], ["value", "development"], ["created_at", "2019-02-20 12:09:19.655289"], ["updated_at", "2019-02-20 12:09:19.655289"]]
  ↳ /home/Ovsjah/.rvm/rubies/ruby-2.6.1/lib/ruby/gems/2.6.0/gems/rake-12.3.2/lib/rake/task.rb:273
  [1m[35m (51.0ms)[0m  [1m[36mcommit transaction[0m
  ↳ /home/Ovsjah/.rvm/rubies/ruby-2.6.1/lib/ruby/gems/2.6.0/gems/rake-12.3.2/lib/rake/task.rb:273
  [1m[35m (0.1ms)[0m  [1m[34mSELECT "schema_migrations"."version" FROM "schema_migrations" ORDER BY "schema_migrations"."version" ASC[0m
  ↳ /home/Ovsjah/.rvm/rubies/ruby-2.6.1/lib/ruby/gems/2.6.0/gems/rake-12.3.2/lib/rake/task.rb:273
  [1m[35m (0.0ms)[0m  [1m[36mbegin transaction[0m
  [1m[36mRestaurant Create (0.2ms)[0m  [1m[32mINSERT INTO "restaurants" ("name", "schedule", "created_at", "updated_at") VALUES (?, ?, ?, ?)[0m  [["name", "Kievlyanochka"], ["schedule", "opens at 9 am and work till the last client"], ["created_at", "2019-02-20 12:09:28.404829"], ["updated_at", "2019-02-20 12:09:28.404829"]]
  [1m[35m (59.3ms)[0m  [1m[36mcommit transaction[0m
  [1m[35m (0.0ms)[0m  [1m[36mbegin transaction[0m
  [1m[35m (0.1ms)[0m  [1m[31mrollback transaction[0m
  [1m[35m (0.1ms)[0m  [1m[36mbegin transaction[0m
  [1m[36mRestaurant Create (0.2ms)[0m  [1m[32mINSERT INTO "restaurants" ("name", "schedule", "created_at", "updated_at") VALUES (?, ?, ?, ?)[0m  [["name", "Kievlyanochka"], ["schedule", "opens at 9 am and work till the last client"], ["created_at", "2019-02-20 12:18:33.833835"], ["updated_at", "2019-02-20 12:18:33.833835"]]
  [1m[35m (61.9ms)[0m  [1m[36mcommit transaction[0m
  [1m[36mRestaurant Load (0.4ms)[0m  [1m[34mSELECT  "restaurants".* FROM "restaurants" ORDER BY "restaurants"."id" DESC LIMIT ?[0m  [["LIMIT", 1]]
  [1m[36mRestaurant Destroy (75.0ms)[0m  [1m[31mDELETE FROM "restaurants" WHERE "restaurants"."id" = ?[0m  [["id", 2]]
  [1m[36mRestaurant Load (0.4ms)[0m  [1m[34mSELECT  "restaurants".* FROM "restaurants" ORDER BY "restaurants"."id" ASC LIMIT ?[0m  [["LIMIT", 1]]
  [1m[35m (0.1ms)[0m  [1m[34mSELECT "schema_migrations"."version" FROM "schema_migrations" ORDER BY "schema_migrations"."version" ASC[0m
  ↳ /home/Ovsjah/.rvm/rubies/ruby-2.6.1/lib/ruby/gems/2.6.0/gems/rake-12.3.2/lib/rake/task.rb:273
Migrating to CreateTables (20190220121825)
  [1m[35m (0.0ms)[0m  [1m[36mbegin transaction[0m
  ↳ /home/Ovsjah/.rvm/rubies/ruby-2.6.1/lib/ruby/gems/2.6.0/gems/rake-12.3.2/lib/rake/task.rb:273
  [1m[35m (0.0ms)[0m  [1m[34mSELECT sqlite_version(*)[0m
  ↳ db/migrate/20190220121825_create_tables.rb:3
  [1m[35m (0.2ms)[0m  [1m[35mCREATE TABLE "tables" ("id" integer PRIMARY KEY AUTOINCREMENT NOT NULL, "reservation" boolean, "reservation_period" integer, "reserved_at" datetime, "restaurant_id" integer, "created_at" datetime NOT NULL, "updated_at" datetime NOT NULL, CONSTRAINT "fk_rails_0700cfe41e"
FOREIGN KEY ("restaurant_id")
  REFERENCES "restaurants" ("id")
)[0m
  ↳ db/migrate/20190220121825_create_tables.rb:3
  [1m[35m (0.0ms)[0m  [1m[31mrollback transaction[0m
  ↳ /home/Ovsjah/.rvm/rubies/ruby-2.6.1/lib/ruby/gems/2.6.0/gems/rake-12.3.2/lib/rake/task.rb:273
  [1m[35m (0.1ms)[0m  [1m[34mSELECT "schema_migrations"."version" FROM "schema_migrations" ORDER BY "schema_migrations"."version" ASC[0m
  ↳ /home/Ovsjah/.rvm/rubies/ruby-2.6.1/lib/ruby/gems/2.6.0/gems/rake-12.3.2/lib/rake/task.rb:273
  [1m[35m (0.1ms)[0m  [1m[34mSELECT "ar_internal_metadata"."value" FROM "ar_internal_metadata" WHERE "ar_internal_metadata"."key" = ?[0m  [["key", "environment"]]
  ↳ /home/Ovsjah/.rvm/rubies/ruby-2.6.1/lib/ruby/gems/2.6.0/gems/rake-12.3.2/lib/rake/task.rb:273
  [1m[35m (0.0ms)[0m  [1m[34mSELECT "schema_migrations"."version" FROM "schema_migrations" ORDER BY "schema_migrations"."version" ASC[0m
  ↳ /home/Ovsjah/.rvm/rubies/ruby-2.6.1/lib/ruby/gems/2.6.0/gems/rake-12.3.2/lib/rake/task.rb:273
  [1m[35m (0.0ms)[0m  [1m[34mSELECT "ar_internal_metadata"."value" FROM "ar_internal_metadata" WHERE "ar_internal_metadata"."key" = ?[0m  [["key", "environment"]]
  ↳ /home/Ovsjah/.rvm/rubies/ruby-2.6.1/lib/ruby/gems/2.6.0/gems/rake-12.3.2/lib/rake/task.rb:273
  [1m[35m (0.0ms)[0m  [1m[34mSELECT "schema_migrations"."version" FROM "schema_migrations" ORDER BY "schema_migrations"."version" ASC[0m
  ↳ /home/Ovsjah/.rvm/rubies/ruby-2.6.1/lib/ruby/gems/2.6.0/gems/rake-12.3.2/lib/rake/task.rb:273
  [1m[35m (0.0ms)[0m  [1m[34mSELECT "ar_internal_metadata"."value" FROM "ar_internal_metadata" WHERE "ar_internal_metadata"."key" = ?[0m  [["key", "environment"]]
  ↳ /home/Ovsjah/.rvm/rubies/ruby-2.6.1/lib/ruby/gems/2.6.0/gems/rake-12.3.2/lib/rake/task.rb:273
  [1m[35m (0.1ms)[0m  [1m[34mSELECT sqlite_version(*)[0m
  ↳ /home/Ovsjah/.rvm/rubies/ruby-2.6.1/lib/ruby/gems/2.6.0/gems/rake-12.3.2/lib/rake/task.rb:273
  [1m[35m (79.8ms)[0m  [1m[35mCREATE TABLE "schema_migrations" ("version" varchar NOT NULL PRIMARY KEY)[0m
  ↳ /home/Ovsjah/.rvm/rubies/ruby-2.6.1/lib/ruby/gems/2.6.0/gems/rake-12.3.2/lib/rake/task.rb:273
  [1m[35m (73.8ms)[0m  [1m[35mCREATE TABLE "ar_internal_metadata" ("key" varchar NOT NULL PRIMARY KEY, "value" varchar, "created_at" datetime NOT NULL, "updated_at" datetime NOT NULL)[0m
  ↳ /home/Ovsjah/.rvm/rubies/ruby-2.6.1/lib/ruby/gems/2.6.0/gems/rake-12.3.2/lib/rake/task.rb:273
  [1m[35m (0.2ms)[0m  [1m[34mSELECT "schema_migrations"."version" FROM "schema_migrations" ORDER BY "schema_migrations"."version" ASC[0m
  ↳ /home/Ovsjah/.rvm/rubies/ruby-2.6.1/lib/ruby/gems/2.6.0/gems/rake-12.3.2/lib/rake/task.rb:273
Migrating to CreateClients (20190220114816)
  [1m[35m (0.1ms)[0m  [1m[36mbegin transaction[0m
  ↳ /home/Ovsjah/.rvm/rubies/ruby-2.6.1/lib/ruby/gems/2.6.0/gems/rake-12.3.2/lib/rake/task.rb:273
  [1m[35m (0.9ms)[0m  [1m[35mCREATE TABLE "clients" ("id" integer PRIMARY KEY AUTOINCREMENT NOT NULL, "name" varchar, "created_at" datetime NOT NULL, "updated_at" datetime NOT NULL)[0m
  ↳ db/migrate/20190220114816_create_clients.rb:3
  [1m[36mActiveRecord::SchemaMigration Create (0.2ms)[0m  [1m[32mINSERT INTO "schema_migrations" ("version") VALUES (?)[0m  [["version", "20190220114816"]]
  ↳ /home/Ovsjah/.rvm/rubies/ruby-2.6.1/lib/ruby/gems/2.6.0/gems/rake-12.3.2/lib/rake/task.rb:273
  [1m[35m (63.3ms)[0m  [1m[36mcommit transaction[0m
  ↳ /home/Ovsjah/.rvm/rubies/ruby-2.6.1/lib/ruby/gems/2.6.0/gems/rake-12.3.2/lib/rake/task.rb:273
Migrating to CreateRestaurants (20190220120250)
  [1m[35m (0.1ms)[0m  [1m[36mbegin transaction[0m
  ↳ /home/Ovsjah/.rvm/rubies/ruby-2.6.1/lib/ruby/gems/2.6.0/gems/rake-12.3.2/lib/rake/task.rb:273
  [1m[35m (0.4ms)[0m  [1m[35mCREATE TABLE "restaurants" ("id" integer PRIMARY KEY AUTOINCREMENT NOT NULL, "name" varchar, "schedule" varchar, "created_at" datetime NOT NULL, "updated_at" datetime NOT NULL)[0m
  ↳ db/migrate/20190220120250_create_restaurants.rb:3
  [1m[36mActiveRecord::SchemaMigration Create (0.2ms)[0m  [1m[32mINSERT INTO "schema_migrations" ("version") VALUES (?)[0m  [["version", "20190220120250"]]
  ↳ /home/Ovsjah/.rvm/rubies/ruby-2.6.1/lib/ruby/gems/2.6.0/gems/rake-12.3.2/lib/rake/task.rb:273
  [1m[35m (71.3ms)[0m  [1m[36mcommit transaction[0m
  ↳ /home/Ovsjah/.rvm/rubies/ruby-2.6.1/lib/ruby/gems/2.6.0/gems/rake-12.3.2/lib/rake/task.rb:273
Migrating to CreateReservations (20190220120854)
  [1m[35m (0.1ms)[0m  [1m[36mbegin transaction[0m
  ↳ /home/Ovsjah/.rvm/rubies/ruby-2.6.1/lib/ruby/gems/2.6.0/gems/rake-12.3.2/lib/rake/task.rb:273
  [1m[35m (0.4ms)[0m  [1m[35mCREATE TABLE "reservations" ("id" integer PRIMARY KEY AUTOINCREMENT NOT NULL, "client_id" integer, "table_id" integer, "created_at" datetime NOT NULL, "updated_at" datetime NOT NULL, CONSTRAINT "fk_rails_9c963d6879"
FOREIGN KEY ("client_id")
  REFERENCES "clients" ("id")
, CONSTRAINT "fk_rails_23ce71128d"
FOREIGN KEY ("table_id")
  REFERENCES "tables" ("id")
)[0m
  ↳ db/migrate/20190220120854_create_reservations.rb:3
  [1m[35m (0.1ms)[0m  [1m[35mCREATE  INDEX "index_reservations_on_client_id" ON "reservations" ("client_id")[0m
  ↳ db/migrate/20190220120854_create_reservations.rb:3
  [1m[35m (0.1ms)[0m  [1m[35mCREATE  INDEX "index_reservations_on_table_id" ON "reservations" ("table_id")[0m
  ↳ db/migrate/20190220120854_create_reservations.rb:3
  [1m[36mActiveRecord::SchemaMigration Create (0.1ms)[0m  [1m[32mINSERT INTO "schema_migrations" ("version") VALUES (?)[0m  [["version", "20190220120854"]]
  ↳ /home/Ovsjah/.rvm/rubies/ruby-2.6.1/lib/ruby/gems/2.6.0/gems/rake-12.3.2/lib/rake/task.rb:273
  [1m[35m (70.5ms)[0m  [1m[36mcommit transaction[0m
  ↳ /home/Ovsjah/.rvm/rubies/ruby-2.6.1/lib/ruby/gems/2.6.0/gems/rake-12.3.2/lib/rake/task.rb:273
Migrating to CreateTables (20190220121825)
  [1m[35m (0.1ms)[0m  [1m[36mbegin transaction[0m
  ↳ /home/Ovsjah/.rvm/rubies/ruby-2.6.1/lib/ruby/gems/2.6.0/gems/rake-12.3.2/lib/rake/task.rb:273
  [1m[35m (0.4ms)[0m  [1m[35mCREATE TABLE "tables" ("id" integer PRIMARY KEY AUTOINCREMENT NOT NULL, "reservation" boolean, "reservation_period" integer, "reserved_at" datetime, "restaurant_id" integer, "created_at" datetime NOT NULL, "updated_at" datetime NOT NULL, CONSTRAINT "fk_rails_0700cfe41e"
FOREIGN KEY ("restaurant_id")
  REFERENCES "restaurants" ("id")
)[0m
  ↳ db/migrate/20190220121825_create_tables.rb:3
  [1m[35m (0.2ms)[0m  [1m[35mCREATE  INDEX "index_tables_on_restaurant_id" ON "tables" ("restaurant_id")[0m
  ↳ db/migrate/20190220121825_create_tables.rb:3
  [1m[36mActiveRecord::SchemaMigration Create (0.2ms)[0m  [1m[32mINSERT INTO "schema_migrations" ("version") VALUES (?)[0m  [["version", "20190220121825"]]
  ↳ /home/Ovsjah/.rvm/rubies/ruby-2.6.1/lib/ruby/gems/2.6.0/gems/rake-12.3.2/lib/rake/task.rb:273
  [1m[35m (70.7ms)[0m  [1m[36mcommit transaction[0m
  ↳ /home/Ovsjah/.rvm/rubies/ruby-2.6.1/lib/ruby/gems/2.6.0/gems/rake-12.3.2/lib/rake/task.rb:273
  [1m[36mActiveRecord::InternalMetadata Load (0.2ms)[0m  [1m[34mSELECT  "ar_internal_metadata".* FROM "ar_internal_metadata" WHERE "ar_internal_metadata"."key" = ? LIMIT ?[0m  [["key", "environment"], ["LIMIT", 1]]
  ↳ /home/Ovsjah/.rvm/rubies/ruby-2.6.1/lib/ruby/gems/2.6.0/gems/rake-12.3.2/lib/rake/task.rb:273
  [1m[35m (0.0ms)[0m  [1m[36mbegin transaction[0m
  ↳ /home/Ovsjah/.rvm/rubies/ruby-2.6.1/lib/ruby/gems/2.6.0/gems/rake-12.3.2/lib/rake/task.rb:273
  [1m[36mActiveRecord::InternalMetadata Create (0.2ms)[0m  [1m[32mINSERT INTO "ar_internal_metadata" ("key", "value", "created_at", "updated_at") VALUES (?, ?, ?, ?)[0m  [["key", "environment"], ["value", "development"], ["created_at", "2019-02-20 12:20:18.106535"], ["updated_at", "2019-02-20 12:20:18.106535"]]
  ↳ /home/Ovsjah/.rvm/rubies/ruby-2.6.1/lib/ruby/gems/2.6.0/gems/rake-12.3.2/lib/rake/task.rb:273
  [1m[35m (35.7ms)[0m  [1m[36mcommit transaction[0m
  ↳ /home/Ovsjah/.rvm/rubies/ruby-2.6.1/lib/ruby/gems/2.6.0/gems/rake-12.3.2/lib/rake/task.rb:273
  [1m[35m (0.1ms)[0m  [1m[34mSELECT "schema_migrations"."version" FROM "schema_migrations" ORDER BY "schema_migrations"."version" ASC[0m
  ↳ /home/Ovsjah/.rvm/rubies/ruby-2.6.1/lib/ruby/gems/2.6.0/gems/rake-12.3.2/lib/rake/task.rb:273
  [1m[35m (0.0ms)[0m  [1m[36mbegin transaction[0m
  [1m[36mRestaurant Create (0.2ms)[0m  [1m[32mINSERT INTO "restaurants" ("name", "schedule", "created_at", "updated_at") VALUES (?, ?, ?, ?)[0m  [["name", "Kievlyanochka"], ["schedule", "opens at 9 am and work till the last client"], ["created_at", "2019-02-20 12:20:26.351614"], ["updated_at", "2019-02-20 12:20:26.351614"]]
  [1m[35m (59.7ms)[0m  [1m[36mcommit transaction[0m
  [1m[35m (0.1ms)[0m  [1m[36mbegin transaction[0m
  [1m[36mRestaurant Load (0.1ms)[0m  [1m[34mSELECT  "restaurants".* FROM "restaurants" WHERE "restaurants"."id" = ? LIMIT ?[0m  [["id", 1], ["LIMIT", 1]]
  [1m[36mTable Create (0.2ms)[0m  [1m[32mINSERT INTO "tables" ("restaurant_id", "created_at", "updated_at") VALUES (?, ?, ?)[0m  [["restaurant_id", 1], ["created_at", "2019-02-20 12:20:53.186759"], ["updated_at", "2019-02-20 12:20:53.186759"]]
  [1m[35m (58.8ms)[0m  [1m[36mcommit transaction[0m
  [1m[35m (0.0ms)[0m  [1m[36mbegin transaction[0m
  [1m[36mClient Create (0.2ms)[0m  [1m[32mINSERT INTO "clients" ("name", "created_at", "updated_at") VALUES (?, ?, ?)[0m  [["name", "Ovsjah"], ["created_at", "2019-02-20 12:21:20.508002"], ["updated_at", "2019-02-20 12:21:20.508002"]]
  [1m[35m (66.6ms)[0m  [1m[36mcommit transaction[0m
  [1m[35m (0.1ms)[0m  [1m[36mbegin transaction[0m
  [1m[36mClient Load (0.1ms)[0m  [1m[34mSELECT  "clients".* FROM "clients" WHERE "clients"."id" = ? LIMIT ?[0m  [["id", 1], ["LIMIT", 1]]
  [1m[36mTable Load (0.1ms)[0m  [1m[34mSELECT  "tables".* FROM "tables" WHERE "tables"."id" = ? LIMIT ?[0m  [["id", 1], ["LIMIT", 1]]
  [1m[36mReservation Create (0.3ms)[0m  [1m[32mINSERT INTO "reservations" ("client_id", "table_id", "created_at", "updated_at") VALUES (?, ?, ?, ?)[0m  [["client_id", 1], ["table_id", 1], ["created_at", "2019-02-20 12:22:09.119963"], ["updated_at", "2019-02-20 12:22:09.119963"]]
  [1m[35m (61.2ms)[0m  [1m[36mcommit transaction[0m
  [1m[36mTable Load (0.2ms)[0m  [1m[34mSELECT  "tables".* FROM "tables" INNER JOIN "reservations" ON "tables"."id" = "reservations"."table_id" WHERE "reservations"."client_id" = ? LIMIT ?[0m  [["client_id", 1], ["LIMIT", 11]]
  [1m[35m (0.1ms)[0m  [1m[36mbegin transaction[0m
  [1m[36mRestaurant Load (0.2ms)[0m  [1m[34mSELECT  "restaurants".* FROM "restaurants" WHERE "restaurants"."id" = ? LIMIT ?[0m  [["id", 1], ["LIMIT", 1]]
  [1m[36mTable Create (0.6ms)[0m  [1m[32mINSERT INTO "tables" ("restaurant_id", "created_at", "updated_at") VALUES (?, ?, ?)[0m  [["restaurant_id", 1], ["created_at", "2019-02-20 12:23:17.082996"], ["updated_at", "2019-02-20 12:23:17.082996"]]
  [1m[35m (69.5ms)[0m  [1m[36mcommit transaction[0m
  [1m[35m (0.1ms)[0m  [1m[36mbegin transaction[0m
  [1m[36mClient Load (0.2ms)[0m  [1m[34mSELECT  "clients".* FROM "clients" WHERE "clients"."id" = ? LIMIT ?[0m  [["id", 1], ["LIMIT", 1]]
  [1m[36mTable Load (0.1ms)[0m  [1m[34mSELECT  "tables".* FROM "tables" WHERE "tables"."id" = ? LIMIT ?[0m  [["id", 2], ["LIMIT", 1]]
  [1m[36mReservation Create (0.3ms)[0m  [1m[32mINSERT INTO "reservations" ("client_id", "table_id", "created_at", "updated_at") VALUES (?, ?, ?, ?)[0m  [["client_id", 1], ["table_id", 2], ["created_at", "2019-02-20 12:23:37.327380"], ["updated_at", "2019-02-20 12:23:37.327380"]]
  [1m[35m (66.7ms)[0m  [1m[36mcommit transaction[0m
  [1m[36mReservation Load (0.3ms)[0m  [1m[34mSELECT  "reservations".* FROM "reservations" WHERE "reservations"."client_id" = ? LIMIT ?[0m  [["client_id", 1], ["LIMIT", 11]]
  [1m[36mTable Load (0.2ms)[0m  [1m[34mSELECT  "tables".* FROM "tables" INNER JOIN "reservations" ON "tables"."id" = "reservations"."table_id" WHERE "reservations"."client_id" = ? LIMIT ?[0m  [["client_id", 1], ["LIMIT", 11]]
  [1m[35m (0.0ms)[0m  [1m[36mbegin transaction[0m
  [1m[36mRestaurant Load (0.1ms)[0m  [1m[34mSELECT  "restaurants".* FROM "restaurants" WHERE "restaurants"."id" = ? LIMIT ?[0m  [["id", 1], ["LIMIT", 1]]
  [1m[36mTable Create (0.3ms)[0m  [1m[32mINSERT INTO "tables" ("restaurant_id", "created_at", "updated_at") VALUES (?, ?, ?)[0m  [["restaurant_id", 1], ["created_at", "2019-02-20 12:28:22.676340"], ["updated_at", "2019-02-20 12:28:22.676340"]]
  [1m[35m (68.1ms)[0m  [1m[36mcommit transaction[0m
  [1m[35m (0.0ms)[0m  [1m[36mbegin transaction[0m
  [1m[36mClient Load (0.1ms)[0m  [1m[34mSELECT  "clients".* FROM "clients" WHERE "clients"."id" = ? LIMIT ?[0m  [["id", 1], ["LIMIT", 1]]
  [1m[36mTable Load (0.1ms)[0m  [1m[34mSELECT  "tables".* FROM "tables" WHERE "tables"."id" = ? LIMIT ?[0m  [["id", 3], ["LIMIT", 1]]
  [1m[36mReservation Load (0.4ms)[0m  [1m[34mSELECT  "reservations".* FROM "reservations" LIMIT ?[0m  [["LIMIT", 11]]
  [1m[36mTable Load (0.3ms)[0m  [1m[34mSELECT  "tables".* FROM "tables" LIMIT ?[0m  [["LIMIT", 11]]
  [1m[36mReservation Create (0.7ms)[0m  [1m[32mINSERT INTO "reservations" ("client_id", "table_id", "created_at", "updated_at") VALUES (?, ?, ?, ?)[0m  [["client_id", 1], ["table_id", 3], ["created_at", "2019-02-20 12:28:37.097103"], ["updated_at", "2019-02-20 12:28:37.097103"]]
  [1m[35m (49.3ms)[0m  [1m[36mcommit transaction[0m
  [1m[36mTable Destroy (1.7ms)[0m  [1m[31mDELETE FROM "tables"[0m
  [1m[36mTable Destroy (1.3ms)[0m  [1m[31mDELETE FROM "tables"[0m
  [1m[36mTable Load (0.3ms)[0m  [1m[34mSELECT  "tables".* FROM "tables" ORDER BY "tables"."id" ASC LIMIT ?[0m  [["LIMIT", 1]]
  [1m[36mTable Destroy (1.2ms)[0m  [1m[31mDELETE FROM "tables" WHERE "tables"."id" = ?[0m  [["id", 1]]
  [1m[36mTable Load (0.2ms)[0m  [1m[34mSELECT  "tables".* FROM "tables" ORDER BY "tables"."id" ASC LIMIT ?[0m  [["LIMIT", 1]]
  [1m[36mTable Load (0.2ms)[0m  [1m[34mSELECT  "tables".* FROM "tables" ORDER BY "tables"."id" ASC LIMIT ?[0m  [["LIMIT", 1]]
  [1m[36mTable Destroy (1.6ms)[0m  [1m[31mDELETE FROM "tables" WHERE "tables"."id" = ?[0m  [["id", 1]]
  [1m[36mTable Load (0.2ms)[0m  [1m[34mSELECT  "tables".* FROM "tables" ORDER BY "tables"."id" ASC LIMIT ?[0m  [["LIMIT", 1]]
  [1m[36mTable Destroy (1.3ms)[0m  [1m[31mDELETE FROM "tables" WHERE "tables"."id" = ?[0m  [["id", 1]]
  [1m[36mTable Load (0.2ms)[0m  [1m[34mSELECT  "tables".* FROM "tables" LIMIT ?[0m  [["LIMIT", 11]]
  [1m[36mTable Load (0.2ms)[0m  [1m[34mSELECT  "tables".* FROM "tables" ORDER BY "tables"."id" ASC LIMIT ?[0m  [["LIMIT", 1]]
  [1m[36mTable Destroy (1.6ms)[0m  [1m[31mDELETE FROM "tables" WHERE "tables"."id" = ?[0m  [["id", 1]]
  [1m[36mTable Load (0.4ms)[0m  [1m[34mSELECT  "tables".* FROM "tables" ORDER BY "tables"."id" DESC LIMIT ?[0m  [["LIMIT", 1]]
  [1m[36mTable Destroy (1.4ms)[0m  [1m[31mDELETE FROM "tables" WHERE "tables"."id" = ?[0m  [["id", 3]]
  [1m[36mTable Load (0.4ms)[0m  [1m[34mSELECT  "tables".* FROM "tables" ORDER BY "tables"."id" ASC LIMIT ? OFFSET ?[0m  [["LIMIT", 1], ["OFFSET", 1]]
  [1m[36mTable Destroy (1.0ms)[0m  [1m[31mDELETE FROM "tables" WHERE "tables"."id" = ?[0m  [["id", 2]]
  [1m[36mTable Load (0.2ms)[0m  [1m[34mSELECT  "tables".* FROM "tables" ORDER BY "tables"."id" ASC LIMIT ? OFFSET ?[0m  [["LIMIT", 1], ["OFFSET", 1]]
  [1m[36mTable Destroy (0.5ms)[0m  [1m[31mDELETE FROM "tables" WHERE "tables"."id" = ?[0m  [["id", 2]]
  [1m[36mTable Load (0.4ms)[0m  [1m[34mSELECT  "tables".* FROM "tables" ORDER BY "tables"."id" DESC LIMIT ?[0m  [["LIMIT", 1]]
  [1m[36mTable Destroy (0.9ms)[0m  [1m[31mDELETE FROM "tables" WHERE "tables"."id" = ?[0m  [["id", 3]]
  [1m[36mRestaurant Load (0.1ms)[0m  [1m[34mSELECT  "restaurants".* FROM "restaurants" ORDER BY "restaurants"."id" ASC LIMIT ?[0m  [["LIMIT", 1]]
  [1m[36mRestaurant Destroy (0.4ms)[0m  [1m[31mDELETE FROM "restaurants" WHERE "restaurants"."id" = ?[0m  [["id", 1]]
  [1m[36mRestaurant Load (0.2ms)[0m  [1m[34mSELECT  "restaurants".* FROM "restaurants" ORDER BY "restaurants"."id" ASC LIMIT ?[0m  [["LIMIT", 1]]
  [1m[36mRestaurant Destroy (1.5ms)[0m  [1m[31mDELETE FROM "restaurants" WHERE "restaurants"."id" = ?[0m  [["id", 1]]
  [1m[36mRestaurant Load (0.3ms)[0m  [1m[34mSELECT  "restaurants".* FROM "restaurants" LIMIT ?[0m  [["LIMIT", 11]]
  [1m[36mRestaurant Load (0.1ms)[0m  [1m[34mSELECT  "restaurants".* FROM "restaurants" ORDER BY "restaurants"."id" ASC LIMIT ?[0m  [["LIMIT", 1]]
  [1m[36mTable Load (0.1ms)[0m  [1m[34mSELECT  "tables".* FROM "tables" WHERE "tables"."restaurant_id" = ? LIMIT ?[0m  [["restaurant_id", 1], ["LIMIT", 11]]
  [1m[36mRestaurant Load (0.2ms)[0m  [1m[34mSELECT  "restaurants".* FROM "restaurants" ORDER BY "restaurants"."id" ASC LIMIT ?[0m  [["LIMIT", 1]]
  [1m[36mTable Destroy (4.6ms)[0m  [1m[31mDELETE FROM "tables" WHERE "tables"."restaurant_id" = ?[0m  [["restaurant_id", 1]]
  [1m[36mReservation Destroy (102.8ms)[0m  [1m[31mDELETE FROM "reservations"[0m
  [1m[36mTable Destroy (61.5ms)[0m  [1m[31mDELETE FROM "tables"[0m
  [1m[35m (0.0ms)[0m  [1m[36mbegin transaction[0m
  [1m[36mRestaurant Create (0.2ms)[0m  [1m[32mINSERT INTO "restaurants" ("name", "schedule", "created_at", "updated_at") VALUES (?, ?, ?, ?)[0m  [["name", "Kievlyanochka"], ["schedule", "opens at 9 am and work till the last client"], ["created_at", "2019-02-20 12:42:46.075406"], ["updated_at", "2019-02-20 12:42:46.075406"]]
  [1m[35m (66.8ms)[0m  [1m[36mcommit transaction[0m
  [1m[36mRestaurant Load (0.4ms)[0m  [1m[34mSELECT  "restaurants".* FROM "restaurants" LIMIT ?[0m  [["LIMIT", 11]]
  [1m[35m (0.0ms)[0m  [1m[36mbegin transaction[0m
  [1m[35m (0.0ms)[0m  [1m[31mrollback transaction[0m
  [1m[35m (0.1ms)[0m  [1m[36mbegin transaction[0m
  [1m[35m (0.0ms)[0m  [1m[31mrollback transaction[0m
  [1m[35m (0.2ms)[0m  [1m[36mbegin transaction[0m
  [1m[35m (0.1ms)[0m  [1m[31mrollback transaction[0m
  [1m[35m (0.1ms)[0m  [1m[34mSELECT "schema_migrations"."version" FROM "schema_migrations" ORDER BY "schema_migrations"."version" ASC[0m
  ↳ /home/Ovsjah/.rvm/rubies/ruby-2.6.1/lib/ruby/gems/2.6.0/gems/rake-12.3.2/lib/rake/task.rb:273
  [1m[35m (0.1ms)[0m  [1m[34mSELECT "ar_internal_metadata"."value" FROM "ar_internal_metadata" WHERE "ar_internal_metadata"."key" = ?[0m  [["key", "environment"]]
  ↳ /home/Ovsjah/.rvm/rubies/ruby-2.6.1/lib/ruby/gems/2.6.0/gems/rake-12.3.2/lib/rake/task.rb:273
  [1m[35m (0.0ms)[0m  [1m[34mSELECT "schema_migrations"."version" FROM "schema_migrations" ORDER BY "schema_migrations"."version" ASC[0m
  ↳ /home/Ovsjah/.rvm/rubies/ruby-2.6.1/lib/ruby/gems/2.6.0/gems/rake-12.3.2/lib/rake/task.rb:273
  [1m[35m (0.0ms)[0m  [1m[34mSELECT "ar_internal_metadata"."value" FROM "ar_internal_metadata" WHERE "ar_internal_metadata"."key" = ?[0m  [["key", "environment"]]
  ↳ /home/Ovsjah/.rvm/rubies/ruby-2.6.1/lib/ruby/gems/2.6.0/gems/rake-12.3.2/lib/rake/task.rb:273
  [1m[35m (0.0ms)[0m  [1m[34mSELECT "schema_migrations"."version" FROM "schema_migrations" ORDER BY "schema_migrations"."version" ASC[0m
  ↳ /home/Ovsjah/.rvm/rubies/ruby-2.6.1/lib/ruby/gems/2.6.0/gems/rake-12.3.2/lib/rake/task.rb:273
  [1m[35m (0.0ms)[0m  [1m[34mSELECT "ar_internal_metadata"."value" FROM "ar_internal_metadata" WHERE "ar_internal_metadata"."key" = ?[0m  [["key", "environment"]]
  ↳ /home/Ovsjah/.rvm/rubies/ruby-2.6.1/lib/ruby/gems/2.6.0/gems/rake-12.3.2/lib/rake/task.rb:273
  [1m[35m (0.1ms)[0m  [1m[34mSELECT sqlite_version(*)[0m
  ↳ /home/Ovsjah/.rvm/rubies/ruby-2.6.1/lib/ruby/gems/2.6.0/gems/rake-12.3.2/lib/rake/task.rb:273
  [1m[35m (73.9ms)[0m  [1m[35mCREATE TABLE "schema_migrations" ("version" varchar NOT NULL PRIMARY KEY)[0m
  ↳ /home/Ovsjah/.rvm/rubies/ruby-2.6.1/lib/ruby/gems/2.6.0/gems/rake-12.3.2/lib/rake/task.rb:273
  [1m[35m (82.7ms)[0m  [1m[35mCREATE TABLE "ar_internal_metadata" ("key" varchar NOT NULL PRIMARY KEY, "value" varchar, "created_at" datetime NOT NULL, "updated_at" datetime NOT NULL)[0m
  ↳ /home/Ovsjah/.rvm/rubies/ruby-2.6.1/lib/ruby/gems/2.6.0/gems/rake-12.3.2/lib/rake/task.rb:273
  [1m[35m (0.2ms)[0m  [1m[34mSELECT "schema_migrations"."version" FROM "schema_migrations" ORDER BY "schema_migrations"."version" ASC[0m
  ↳ /home/Ovsjah/.rvm/rubies/ruby-2.6.1/lib/ruby/gems/2.6.0/gems/rake-12.3.2/lib/rake/task.rb:273
Migrating to CreateClients (20190220114816)
  [1m[35m (0.1ms)[0m  [1m[36mbegin transaction[0m
  ↳ /home/Ovsjah/.rvm/rubies/ruby-2.6.1/lib/ruby/gems/2.6.0/gems/rake-12.3.2/lib/rake/task.rb:273
  [1m[35m (0.5ms)[0m  [1m[35mCREATE TABLE "clients" ("id" integer PRIMARY KEY AUTOINCREMENT NOT NULL, "name" varchar, "created_at" datetime NOT NULL, "updated_at" datetime NOT NULL)[0m
  ↳ db/migrate/20190220114816_create_clients.rb:3
  [1m[36mActiveRecord::SchemaMigration Create (0.1ms)[0m  [1m[32mINSERT INTO "schema_migrations" ("version") VALUES (?)[0m  [["version", "20190220114816"]]
  ↳ /home/Ovsjah/.rvm/rubies/ruby-2.6.1/lib/ruby/gems/2.6.0/gems/rake-12.3.2/lib/rake/task.rb:273
  [1m[35m (70.8ms)[0m  [1m[36mcommit transaction[0m
  ↳ /home/Ovsjah/.rvm/rubies/ruby-2.6.1/lib/ruby/gems/2.6.0/gems/rake-12.3.2/lib/rake/task.rb:273
Migrating to CreateRestaurants (20190220120250)
  [1m[35m (0.1ms)[0m  [1m[36mbegin transaction[0m
  ↳ /home/Ovsjah/.rvm/rubies/ruby-2.6.1/lib/ruby/gems/2.6.0/gems/rake-12.3.2/lib/rake/task.rb:273
  [1m[35m (0.4ms)[0m  [1m[35mCREATE TABLE "restaurants" ("id" integer PRIMARY KEY AUTOINCREMENT NOT NULL, "name" varchar, "schedule" varchar, "created_at" datetime NOT NULL, "updated_at" datetime NOT NULL)[0m
  ↳ db/migrate/20190220120250_create_restaurants.rb:3
  [1m[36mActiveRecord::SchemaMigration Create (0.2ms)[0m  [1m[32mINSERT INTO "schema_migrations" ("version") VALUES (?)[0m  [["version", "20190220120250"]]
  ↳ /home/Ovsjah/.rvm/rubies/ruby-2.6.1/lib/ruby/gems/2.6.0/gems/rake-12.3.2/lib/rake/task.rb:273
  [1m[35m (96.5ms)[0m  [1m[36mcommit transaction[0m
  ↳ /home/Ovsjah/.rvm/rubies/ruby-2.6.1/lib/ruby/gems/2.6.0/gems/rake-12.3.2/lib/rake/task.rb:273
Migrating to CreateReservations (20190220120854)
  [1m[35m (0.0ms)[0m  [1m[36mbegin transaction[0m
  ↳ /home/Ovsjah/.rvm/rubies/ruby-2.6.1/lib/ruby/gems/2.6.0/gems/rake-12.3.2/lib/rake/task.rb:273
  [1m[35m (0.2ms)[0m  [1m[35mCREATE TABLE "reservations" ("id" integer PRIMARY KEY AUTOINCREMENT NOT NULL, "client_id" integer, "table_id" integer, "created_at" datetime NOT NULL, "updated_at" datetime NOT NULL, CONSTRAINT "fk_rails_9c963d6879"
FOREIGN KEY ("client_id")
  REFERENCES "clients" ("id")
, CONSTRAINT "fk_rails_23ce71128d"
FOREIGN KEY ("table_id")
  REFERENCES "tables" ("id")
)[0m
  ↳ db/migrate/20190220120854_create_reservations.rb:3
  [1m[35m (0.1ms)[0m  [1m[35mCREATE  INDEX "index_reservations_on_client_id" ON "reservations" ("client_id")[0m
  ↳ db/migrate/20190220120854_create_reservations.rb:3
  [1m[35m (0.1ms)[0m  [1m[35mCREATE  INDEX "index_reservations_on_table_id" ON "reservations" ("table_id")[0m
  ↳ db/migrate/20190220120854_create_reservations.rb:3
  [1m[36mActiveRecord::SchemaMigration Create (0.1ms)[0m  [1m[32mINSERT INTO "schema_migrations" ("version") VALUES (?)[0m  [["version", "20190220120854"]]
  ↳ /home/Ovsjah/.rvm/rubies/ruby-2.6.1/lib/ruby/gems/2.6.0/gems/rake-12.3.2/lib/rake/task.rb:273
  [1m[35m (71.9ms)[0m  [1m[36mcommit transaction[0m
  ↳ /home/Ovsjah/.rvm/rubies/ruby-2.6.1/lib/ruby/gems/2.6.0/gems/rake-12.3.2/lib/rake/task.rb:273
Migrating to CreateTables (20190220121825)
  [1m[35m (0.1ms)[0m  [1m[36mbegin transaction[0m
  ↳ /home/Ovsjah/.rvm/rubies/ruby-2.6.1/lib/ruby/gems/2.6.0/gems/rake-12.3.2/lib/rake/task.rb:273
  [1m[35m (0.4ms)[0m  [1m[35mCREATE TABLE "tables" ("id" integer PRIMARY KEY AUTOINCREMENT NOT NULL, "reservation" boolean, "reservation_period" integer, "reserved_at" datetime, "restaurant_id" integer, "created_at" datetime NOT NULL, "updated_at" datetime NOT NULL, CONSTRAINT "fk_rails_0700cfe41e"
FOREIGN KEY ("restaurant_id")
  REFERENCES "restaurants" ("id")
)[0m
  ↳ db/migrate/20190220121825_create_tables.rb:3
  [1m[35m (0.2ms)[0m  [1m[35mCREATE  INDEX "index_tables_on_restaurant_id" ON "tables" ("restaurant_id")[0m
  ↳ db/migrate/20190220121825_create_tables.rb:3
  [1m[36mActiveRecord::SchemaMigration Create (0.1ms)[0m  [1m[32mINSERT INTO "schema_migrations" ("version") VALUES (?)[0m  [["version", "20190220121825"]]
  ↳ /home/Ovsjah/.rvm/rubies/ruby-2.6.1/lib/ruby/gems/2.6.0/gems/rake-12.3.2/lib/rake/task.rb:273
  [1m[35m (70.8ms)[0m  [1m[36mcommit transaction[0m
  ↳ /home/Ovsjah/.rvm/rubies/ruby-2.6.1/lib/ruby/gems/2.6.0/gems/rake-12.3.2/lib/rake/task.rb:273
  [1m[36mActiveRecord::InternalMetadata Load (0.2ms)[0m  [1m[34mSELECT  "ar_internal_metadata".* FROM "ar_internal_metadata" WHERE "ar_internal_metadata"."key" = ? LIMIT ?[0m  [["key", "environment"], ["LIMIT", 1]]
  ↳ /home/Ovsjah/.rvm/rubies/ruby-2.6.1/lib/ruby/gems/2.6.0/gems/rake-12.3.2/lib/rake/task.rb:273
  [1m[35m (0.0ms)[0m  [1m[36mbegin transaction[0m
  ↳ /home/Ovsjah/.rvm/rubies/ruby-2.6.1/lib/ruby/gems/2.6.0/gems/rake-12.3.2/lib/rake/task.rb:273
  [1m[36mActiveRecord::InternalMetadata Create (0.2ms)[0m  [1m[32mINSERT INTO "ar_internal_metadata" ("key", "value", "created_at", "updated_at") VALUES (?, ?, ?, ?)[0m  [["key", "environment"], ["value", "development"], ["created_at", "2019-02-20 12:44:26.451643"], ["updated_at", "2019-02-20 12:44:26.451643"]]
  ↳ /home/Ovsjah/.rvm/rubies/ruby-2.6.1/lib/ruby/gems/2.6.0/gems/rake-12.3.2/lib/rake/task.rb:273
  [1m[35m (51.6ms)[0m  [1m[36mcommit transaction[0m
  ↳ /home/Ovsjah/.rvm/rubies/ruby-2.6.1/lib/ruby/gems/2.6.0/gems/rake-12.3.2/lib/rake/task.rb:273
  [1m[35m (0.2ms)[0m  [1m[34mSELECT "schema_migrations"."version" FROM "schema_migrations" ORDER BY "schema_migrations"."version" ASC[0m
  ↳ /home/Ovsjah/.rvm/rubies/ruby-2.6.1/lib/ruby/gems/2.6.0/gems/rake-12.3.2/lib/rake/task.rb:273
  [1m[35m (0.0ms)[0m  [1m[36mbegin transaction[0m
  [1m[36mRestaurant Create (0.3ms)[0m  [1m[32mINSERT INTO "restaurants" ("name", "schedule", "created_at", "updated_at") VALUES (?, ?, ?, ?)[0m  [["name", "Kievlyanochka"], ["schedule", "opens at 9 am and work till the last client"], ["created_at", "2019-02-20 12:44:39.912413"], ["updated_at", "2019-02-20 12:44:39.912413"]]
  [1m[35m (67.5ms)[0m  [1m[36mcommit transaction[0m
  [1m[35m (0.0ms)[0m  [1m[36mbegin transaction[0m
  [1m[35m (0.0ms)[0m  [1m[31mrollback transaction[0m
  [1m[35m (0.1ms)[0m  [1m[36mbegin transaction[0m
  [1m[35m (0.1ms)[0m  [1m[31mrollback transaction[0m
  [1m[36mTable Load (0.4ms)[0m  [1m[34mSELECT  "tables".* FROM "tables" WHERE "tables"."restaurant_id" = ? LIMIT ?[0m  [["restaurant_id", 1], ["LIMIT", 11]]
  [1m[35m (0.1ms)[0m  [1m[36mbegin transaction[0m
  [1m[35m (0.1ms)[0m  [1m[31mrollback transaction[0m
  [1m[35m (0.1ms)[0m  [1m[36mbegin transaction[0m
  [1m[35m (0.1ms)[0m  [1m[31mrollback transaction[0m
  [1m[35m (0.1ms)[0m  [1m[36mbegin transaction[0m
  [1m[35m (0.1ms)[0m  [1m[31mrollback transaction[0m
  [1m[35m (0.1ms)[0m  [1m[36mbegin transaction[0m
  [1m[35m (0.1ms)[0m  [1m[31mrollback transaction[0m
  [1m[35m (0.1ms)[0m  [1m[36mbegin transaction[0m
  [1m[35m (0.1ms)[0m  [1m[31mrollback transaction[0m
  [1m[35m (0.0ms)[0m  [1m[36mbegin transaction[0m
  [1m[36mClient Create (0.2ms)[0m  [1m[32mINSERT INTO "clients" ("name", "created_at", "updated_at") VALUES (?, ?, ?)[0m  [["name", "Ovsjah"], ["created_at", "2019-02-20 12:47:39.168558"], ["updated_at", "2019-02-20 12:47:39.168558"]]
  [1m[35m (89.4ms)[0m  [1m[36mcommit transaction[0m
  [1m[35m (0.1ms)[0m  [1m[34mSELECT "schema_migrations"."version" FROM "schema_migrations" ORDER BY "schema_migrations"."version" ASC[0m
  ↳ /home/Ovsjah/.rvm/rubies/ruby-2.6.1/lib/ruby/gems/2.6.0/gems/rake-12.3.2/lib/rake/task.rb:273
  [1m[35m (0.1ms)[0m  [1m[34mSELECT "ar_internal_metadata"."value" FROM "ar_internal_metadata" WHERE "ar_internal_metadata"."key" = ?[0m  [["key", "environment"]]
  ↳ /home/Ovsjah/.rvm/rubies/ruby-2.6.1/lib/ruby/gems/2.6.0/gems/rake-12.3.2/lib/rake/task.rb:273
  [1m[35m (0.0ms)[0m  [1m[34mSELECT "schema_migrations"."version" FROM "schema_migrations" ORDER BY "schema_migrations"."version" ASC[0m
  ↳ /home/Ovsjah/.rvm/rubies/ruby-2.6.1/lib/ruby/gems/2.6.0/gems/rake-12.3.2/lib/rake/task.rb:273
  [1m[35m (0.0ms)[0m  [1m[34mSELECT "ar_internal_metadata"."value" FROM "ar_internal_metadata" WHERE "ar_internal_metadata"."key" = ?[0m  [["key", "environment"]]
  ↳ /home/Ovsjah/.rvm/rubies/ruby-2.6.1/lib/ruby/gems/2.6.0/gems/rake-12.3.2/lib/rake/task.rb:273
  [1m[35m (0.0ms)[0m  [1m[34mSELECT "schema_migrations"."version" FROM "schema_migrations" ORDER BY "schema_migrations"."version" ASC[0m
  ↳ /home/Ovsjah/.rvm/rubies/ruby-2.6.1/lib/ruby/gems/2.6.0/gems/rake-12.3.2/lib/rake/task.rb:273
  [1m[35m (0.0ms)[0m  [1m[34mSELECT "ar_internal_metadata"."value" FROM "ar_internal_metadata" WHERE "ar_internal_metadata"."key" = ?[0m  [["key", "environment"]]
  ↳ /home/Ovsjah/.rvm/rubies/ruby-2.6.1/lib/ruby/gems/2.6.0/gems/rake-12.3.2/lib/rake/task.rb:273
  [1m[35m (0.1ms)[0m  [1m[34mSELECT sqlite_version(*)[0m
  ↳ /home/Ovsjah/.rvm/rubies/ruby-2.6.1/lib/ruby/gems/2.6.0/gems/rake-12.3.2/lib/rake/task.rb:273
  [1m[35m (56.9ms)[0m  [1m[35mCREATE TABLE "schema_migrations" ("version" varchar NOT NULL PRIMARY KEY)[0m
  ↳ /home/Ovsjah/.rvm/rubies/ruby-2.6.1/lib/ruby/gems/2.6.0/gems/rake-12.3.2/lib/rake/task.rb:273
  [1m[35m (74.3ms)[0m  [1m[35mCREATE TABLE "ar_internal_metadata" ("key" varchar NOT NULL PRIMARY KEY, "value" varchar, "created_at" datetime NOT NULL, "updated_at" datetime NOT NULL)[0m
  ↳ /home/Ovsjah/.rvm/rubies/ruby-2.6.1/lib/ruby/gems/2.6.0/gems/rake-12.3.2/lib/rake/task.rb:273
  [1m[35m (0.2ms)[0m  [1m[34mSELECT "schema_migrations"."version" FROM "schema_migrations" ORDER BY "schema_migrations"."version" ASC[0m
  ↳ /home/Ovsjah/.rvm/rubies/ruby-2.6.1/lib/ruby/gems/2.6.0/gems/rake-12.3.2/lib/rake/task.rb:273
Migrating to CreateClients (20190220114816)
  [1m[35m (0.1ms)[0m  [1m[36mbegin transaction[0m
  ↳ /home/Ovsjah/.rvm/rubies/ruby-2.6.1/lib/ruby/gems/2.6.0/gems/rake-12.3.2/lib/rake/task.rb:273
  [1m[35m (0.4ms)[0m  [1m[35mCREATE TABLE "clients" ("id" integer PRIMARY KEY AUTOINCREMENT NOT NULL, "name" varchar, "created_at" datetime NOT NULL, "updated_at" datetime NOT NULL)[0m
  ↳ db/migrate/20190220114816_create_clients.rb:3
  [1m[36mActiveRecord::SchemaMigration Create (0.2ms)[0m  [1m[32mINSERT INTO "schema_migrations" ("version") VALUES (?)[0m  [["version", "20190220114816"]]
  ↳ /home/Ovsjah/.rvm/rubies/ruby-2.6.1/lib/ruby/gems/2.6.0/gems/rake-12.3.2/lib/rake/task.rb:273
  [1m[35m (57.9ms)[0m  [1m[36mcommit transaction[0m
  ↳ /home/Ovsjah/.rvm/rubies/ruby-2.6.1/lib/ruby/gems/2.6.0/gems/rake-12.3.2/lib/rake/task.rb:273
Migrating to CreateRestaurants (20190220120250)
  [1m[35m (0.1ms)[0m  [1m[36mbegin transaction[0m
  ↳ /home/Ovsjah/.rvm/rubies/ruby-2.6.1/lib/ruby/gems/2.6.0/gems/rake-12.3.2/lib/rake/task.rb:273
  [1m[35m (0.4ms)[0m  [1m[35mCREATE TABLE "restaurants" ("id" integer PRIMARY KEY AUTOINCREMENT NOT NULL, "name" varchar, "schedule" varchar, "created_at" datetime NOT NULL, "updated_at" datetime NOT NULL)[0m
  ↳ db/migrate/20190220120250_create_restaurants.rb:3
  [1m[36mActiveRecord::SchemaMigration Create (0.2ms)[0m  [1m[32mINSERT INTO "schema_migrations" ("version") VALUES (?)[0m  [["version", "20190220120250"]]
  ↳ /home/Ovsjah/.rvm/rubies/ruby-2.6.1/lib/ruby/gems/2.6.0/gems/rake-12.3.2/lib/rake/task.rb:273
  [1m[35m (54.4ms)[0m  [1m[36mcommit transaction[0m
  ↳ /home/Ovsjah/.rvm/rubies/ruby-2.6.1/lib/ruby/gems/2.6.0/gems/rake-12.3.2/lib/rake/task.rb:273
Migrating to CreateTables (20190220121825)
  [1m[35m (0.1ms)[0m  [1m[36mbegin transaction[0m
  ↳ /home/Ovsjah/.rvm/rubies/ruby-2.6.1/lib/ruby/gems/2.6.0/gems/rake-12.3.2/lib/rake/task.rb:273
  [1m[35m (0.3ms)[0m  [1m[35mCREATE TABLE "tables" ("id" integer PRIMARY KEY AUTOINCREMENT NOT NULL, "reservation" boolean, "reservation_period" integer, "reserved_at" datetime, "restaurant_id" integer, "created_at" datetime NOT NULL, "updated_at" datetime NOT NULL, CONSTRAINT "fk_rails_0700cfe41e"
FOREIGN KEY ("restaurant_id")
  REFERENCES "restaurants" ("id")
)[0m
  ↳ db/migrate/20190220121825_create_tables.rb:3
  [1m[35m (0.1ms)[0m  [1m[35mCREATE  INDEX "index_tables_on_restaurant_id" ON "tables" ("restaurant_id")[0m
  ↳ db/migrate/20190220121825_create_tables.rb:3
  [1m[36mActiveRecord::SchemaMigration Create (0.1ms)[0m  [1m[32mINSERT INTO "schema_migrations" ("version") VALUES (?)[0m  [["version", "20190220121825"]]
  ↳ /home/Ovsjah/.rvm/rubies/ruby-2.6.1/lib/ruby/gems/2.6.0/gems/rake-12.3.2/lib/rake/task.rb:273
  [1m[35m (79.8ms)[0m  [1m[36mcommit transaction[0m
  ↳ /home/Ovsjah/.rvm/rubies/ruby-2.6.1/lib/ruby/gems/2.6.0/gems/rake-12.3.2/lib/rake/task.rb:273
Migrating to CreateReservations (20190220125305)
  [1m[35m (0.1ms)[0m  [1m[36mbegin transaction[0m
  ↳ /home/Ovsjah/.rvm/rubies/ruby-2.6.1/lib/ruby/gems/2.6.0/gems/rake-12.3.2/lib/rake/task.rb:273
  [1m[35m (0.3ms)[0m  [1m[35mCREATE TABLE "reservations" ("id" integer PRIMARY KEY AUTOINCREMENT NOT NULL, "client_id" integer, "table_id" integer, "restaurant_id" integer, "created_at" datetime NOT NULL, "updated_at" datetime NOT NULL, CONSTRAINT "fk_rails_9c963d6879"
FOREIGN KEY ("client_id")
  REFERENCES "clients" ("id")
, CONSTRAINT "fk_rails_23ce71128d"
FOREIGN KEY ("table_id")
  REFERENCES "tables" ("id")
, CONSTRAINT "fk_rails_0d6bc84231"
FOREIGN KEY ("restaurant_id")
  REFERENCES "restaurants" ("id")
)[0m
  ↳ db/migrate/20190220125305_create_reservations.rb:3
  [1m[35m (0.1ms)[0m  [1m[35mCREATE  INDEX "index_reservations_on_client_id" ON "reservations" ("client_id")[0m
  ↳ db/migrate/20190220125305_create_reservations.rb:3
  [1m[35m (0.1ms)[0m  [1m[35mCREATE  INDEX "index_reservations_on_table_id" ON "reservations" ("table_id")[0m
  ↳ db/migrate/20190220125305_create_reservations.rb:3
  [1m[35m (0.1ms)[0m  [1m[35mCREATE  INDEX "index_reservations_on_restaurant_id" ON "reservations" ("restaurant_id")[0m
  ↳ db/migrate/20190220125305_create_reservations.rb:3
  [1m[36mActiveRecord::SchemaMigration Create (0.1ms)[0m  [1m[32mINSERT INTO "schema_migrations" ("version") VALUES (?)[0m  [["version", "20190220125305"]]
  ↳ /home/Ovsjah/.rvm/rubies/ruby-2.6.1/lib/ruby/gems/2.6.0/gems/rake-12.3.2/lib/rake/task.rb:273
  [1m[35m (68.5ms)[0m  [1m[36mcommit transaction[0m
  ↳ /home/Ovsjah/.rvm/rubies/ruby-2.6.1/lib/ruby/gems/2.6.0/gems/rake-12.3.2/lib/rake/task.rb:273
  [1m[36mActiveRecord::InternalMetadata Load (0.2ms)[0m  [1m[34mSELECT  "ar_internal_metadata".* FROM "ar_internal_metadata" WHERE "ar_internal_metadata"."key" = ? LIMIT ?[0m  [["key", "environment"], ["LIMIT", 1]]
  ↳ /home/Ovsjah/.rvm/rubies/ruby-2.6.1/lib/ruby/gems/2.6.0/gems/rake-12.3.2/lib/rake/task.rb:273
  [1m[35m (0.1ms)[0m  [1m[36mbegin transaction[0m
  ↳ /home/Ovsjah/.rvm/rubies/ruby-2.6.1/lib/ruby/gems/2.6.0/gems/rake-12.3.2/lib/rake/task.rb:273
  [1m[36mActiveRecord::InternalMetadata Create (0.3ms)[0m  [1m[32mINSERT INTO "ar_internal_metadata" ("key", "value", "created_at", "updated_at") VALUES (?, ?, ?, ?)[0m  [["key", "environment"], ["value", "development"], ["created_at", "2019-02-20 12:53:20.472427"], ["updated_at", "2019-02-20 12:53:20.472427"]]
  ↳ /home/Ovsjah/.rvm/rubies/ruby-2.6.1/lib/ruby/gems/2.6.0/gems/rake-12.3.2/lib/rake/task.rb:273
  [1m[35m (40.1ms)[0m  [1m[36mcommit transaction[0m
  ↳ /home/Ovsjah/.rvm/rubies/ruby-2.6.1/lib/ruby/gems/2.6.0/gems/rake-12.3.2/lib/rake/task.rb:273
  [1m[35m (0.1ms)[0m  [1m[34mSELECT "schema_migrations"."version" FROM "schema_migrations" ORDER BY "schema_migrations"."version" ASC[0m
  ↳ /home/Ovsjah/.rvm/rubies/ruby-2.6.1/lib/ruby/gems/2.6.0/gems/rake-12.3.2/lib/rake/task.rb:273
  [1m[35m (0.0ms)[0m  [1m[36mbegin transaction[0m
  [1m[36mRestaurant Create (0.2ms)[0m  [1m[32mINSERT INTO "restaurants" ("name", "schedule", "created_at", "updated_at") VALUES (?, ?, ?, ?)[0m  [["name", "Kievlyanochka"], ["schedule", "opens at 9 am and work till the last client"], ["created_at", "2019-02-20 12:53:29.818483"], ["updated_at", "2019-02-20 12:53:29.818483"]]
  [1m[35m (67.8ms)[0m  [1m[36mcommit transaction[0m
  [1m[35m (0.0ms)[0m  [1m[36mbegin transaction[0m
  [1m[36mRestaurant Load (0.1ms)[0m  [1m[34mSELECT  "restaurants".* FROM "restaurants" WHERE "restaurants"."id" = ? LIMIT ?[0m  [["id", 1], ["LIMIT", 1]]
  [1m[36mTable Create (0.2ms)[0m  [1m[32mINSERT INTO "tables" ("restaurant_id", "created_at", "updated_at") VALUES (?, ?, ?)[0m  [["restaurant_id", 1], ["created_at", "2019-02-20 12:53:33.703073"], ["updated_at", "2019-02-20 12:53:33.703073"]]
  [1m[35m (68.1ms)[0m  [1m[36mcommit transaction[0m
  [1m[35m (0.1ms)[0m  [1m[36mbegin transaction[0m
  [1m[36mRestaurant Load (0.2ms)[0m  [1m[34mSELECT  "restaurants".* FROM "restaurants" WHERE "restaurants"."id" = ? LIMIT ?[0m  [["id", 1], ["LIMIT", 1]]
  [1m[36mTable Create (0.5ms)[0m  [1m[32mINSERT INTO "tables" ("restaurant_id", "created_at", "updated_at") VALUES (?, ?, ?)[0m  [["restaurant_id", 1], ["created_at", "2019-02-20 12:53:37.077151"], ["updated_at", "2019-02-20 12:53:37.077151"]]
  [1m[35m (59.4ms)[0m  [1m[36mcommit transaction[0m
  [1m[35m (0.3ms)[0m  [1m[36mbegin transaction[0m
  [1m[36mRestaurant Load (0.2ms)[0m  [1m[34mSELECT  "restaurants".* FROM "restaurants" WHERE "restaurants"."id" = ? LIMIT ?[0m  [["id", 1], ["LIMIT", 1]]
  [1m[36mTable Create (0.4ms)[0m  [1m[32mINSERT INTO "tables" ("restaurant_id", "created_at", "updated_at") VALUES (?, ?, ?)[0m  [["restaurant_id", 1], ["created_at", "2019-02-20 12:53:40.742360"], ["updated_at", "2019-02-20 12:53:40.742360"]]
  [1m[35m (59.6ms)[0m  [1m[36mcommit transaction[0m
  [1m[35m (0.0ms)[0m  [1m[36mbegin transaction[0m
  [1m[36mClient Create (0.2ms)[0m  [1m[32mINSERT INTO "clients" ("name", "created_at", "updated_at") VALUES (?, ?, ?)[0m  [["name", "Ovsjah"], ["created_at", "2019-02-20 12:53:45.804654"], ["updated_at", "2019-02-20 12:53:45.804654"]]
  [1m[35m (56.8ms)[0m  [1m[36mcommit transaction[0m
  [1m[35m (0.2ms)[0m  [1m[34mSELECT COUNT(*) FROM "reservations"[0m
  [1m[35m (0.3ms)[0m  [1m[34mSELECT COUNT(*) FROM "reservations"[0m
  [1m[35m (0.1ms)[0m  [1m[36mbegin transaction[0m
  [1m[36mClient Load (0.1ms)[0m  [1m[34mSELECT  "clients".* FROM "clients" WHERE "clients"."id" = ? LIMIT ?[0m  [["id", 1], ["LIMIT", 1]]
  [1m[36mTable Load (0.1ms)[0m  [1m[34mSELECT  "tables".* FROM "tables" WHERE "tables"."id" = ? LIMIT ?[0m  [["id", 1], ["LIMIT", 1]]
  [1m[36mRestaurant Load (0.1ms)[0m  [1m[34mSELECT  "restaurants".* FROM "restaurants" WHERE "restaurants"."id" = ? LIMIT ?[0m  [["id", 1], ["LIMIT", 1]]
  [1m[36mReservation Create (0.2ms)[0m  [1m[32mINSERT INTO "reservations" ("client_id", "table_id", "restaurant_id", "created_at", "updated_at") VALUES (?, ?, ?, ?, ?)[0m  [["client_id", 1], ["table_id", 1], ["restaurant_id", 1], ["created_at", "2019-02-20 12:55:14.690638"], ["updated_at", "2019-02-20 12:55:14.690638"]]
  [1m[35m (52.4ms)[0m  [1m[36mcommit transaction[0m
  [1m[36mReservation Destroy (51.2ms)[0m  [1m[31mDELETE FROM "reservations" WHERE "reservations"."id" = ?[0m  [["id", 1]]
  [1m[35m (0.1ms)[0m  [1m[36mbegin transaction[0m
  [1m[36mClient Load (0.2ms)[0m  [1m[34mSELECT  "clients".* FROM "clients" WHERE "clients"."id" = ? LIMIT ?[0m  [["id", 1], ["LIMIT", 1]]
  [1m[36mTable Load (0.1ms)[0m  [1m[34mSELECT  "tables".* FROM "tables" WHERE "tables"."id" = ? LIMIT ?[0m  [["id", 1], ["LIMIT", 1]]
  [1m[36mRestaurant Load (0.1ms)[0m  [1m[34mSELECT  "restaurants".* FROM "restaurants" WHERE "restaurants"."id" = ? LIMIT ?[0m  [["id", 1], ["LIMIT", 1]]
  [1m[36mReservation Create (0.7ms)[0m  [1m[32mINSERT INTO "reservations" ("client_id", "table_id", "restaurant_id", "created_at", "updated_at") VALUES (?, ?, ?, ?, ?)[0m  [["client_id", 1], ["table_id", 1], ["restaurant_id", 1], ["created_at", "2019-02-20 12:56:35.867346"], ["updated_at", "2019-02-20 12:56:35.867346"]]
  [1m[35m (63.5ms)[0m  [1m[36mcommit transaction[0m
  [1m[36mReservation Destroy (62.7ms)[0m  [1m[31mDELETE FROM "reservations" WHERE "reservations"."id" = ?[0m  [["id", 2]]
  [1m[35m (0.0ms)[0m  [1m[36mbegin transaction[0m
  [1m[36mClient Load (0.1ms)[0m  [1m[34mSELECT  "clients".* FROM "clients" WHERE "clients"."id" = ? LIMIT ?[0m  [["id", 1], ["LIMIT", 1]]
  [1m[36mTable Load (0.1ms)[0m  [1m[34mSELECT  "tables".* FROM "tables" WHERE "tables"."id" = ? LIMIT ?[0m  [["id", 1], ["LIMIT", 1]]
  [1m[36mRestaurant Load (0.1ms)[0m  [1m[34mSELECT  "restaurants".* FROM "restaurants" WHERE "restaurants"."id" = ? LIMIT ?[0m  [["id", 1], ["LIMIT", 1]]
  [1m[36mReservation Create (0.2ms)[0m  [1m[32mINSERT INTO "reservations" ("client_id", "table_id", "restaurant_id", "created_at", "updated_at") VALUES (?, ?, ?, ?, ?)[0m  [["client_id", 1], ["table_id", 1], ["restaurant_id", 1], ["created_at", "2019-02-20 12:56:49.233992"], ["updated_at", "2019-02-20 12:56:49.233992"]]
  [1m[35m (64.1ms)[0m  [1m[36mcommit transaction[0m
  [1m[35m (0.1ms)[0m  [1m[36mbegin transaction[0m
  [1m[36mReservation Update (0.7ms)[0m  [1m[33mUPDATE "reservations" SET "updated_at" = ? WHERE "reservations"."id" = ?[0m  [["updated_at", "2019-02-20 12:57:25.446287"], ["id", 3]]
  [1m[35m (46.5ms)[0m  [1m[36mcommit transaction[0m
  [1m[36mReservation Destroy (94.6ms)[0m  [1m[31mDELETE FROM "reservations" WHERE "reservations"."id" = ?[0m  [["id", 3]]
  [1m[35m (0.0ms)[0m  [1m[36mbegin transaction[0m
  [1m[36mClient Load (0.1ms)[0m  [1m[34mSELECT  "clients".* FROM "clients" WHERE "clients"."id" = ? LIMIT ?[0m  [["id", 1], ["LIMIT", 1]]
  [1m[36mTable Load (0.1ms)[0m  [1m[34mSELECT  "tables".* FROM "tables" WHERE "tables"."id" = ? LIMIT ?[0m  [["id", 1], ["LIMIT", 1]]
  [1m[36mRestaurant Load (0.1ms)[0m  [1m[34mSELECT  "restaurants".* FROM "restaurants" WHERE "restaurants"."id" = ? LIMIT ?[0m  [["id", 1], ["LIMIT", 1]]
  [1m[36mReservation Create (0.2ms)[0m  [1m[32mINSERT INTO "reservations" ("client_id", "table_id", "restaurant_id", "created_at", "updated_at") VALUES (?, ?, ?, ?, ?)[0m  [["client_id", 1], ["table_id", 1], ["restaurant_id", 1], ["created_at", "2019-02-20 12:58:36.578839"], ["updated_at", "2019-02-20 12:58:36.578839"]]
  [1m[36mReservation Load (0.3ms)[0m  [1m[34mSELECT  "reservations".* FROM "reservations" LIMIT ?[0m  [["LIMIT", 11]]
  [1m[36mReservation Load (0.1ms)[0m  [1m[34mSELECT  "reservations".* FROM "reservations" LIMIT ?[0m  [["LIMIT", 11]]
  [1m[36mReservation Load (0.3ms)[0m  [1m[34mSELECT  "reservations".* FROM "reservations" ORDER BY "reservations"."id" DESC LIMIT ?[0m  [["LIMIT", 1]]
  [1m[36mTable Load (0.2ms)[0m  [1m[34mSELECT  "tables".* FROM "tables" WHERE "tables"."id" = ? LIMIT ?[0m  [["id", 1], ["LIMIT", 1]]
  [1m[35m (70.6ms)[0m  [1m[36mcommit transaction[0m
  [1m[36mReservation Destroy (63.6ms)[0m  [1m[31mDELETE FROM "reservations" WHERE "reservations"."id" = ?[0m  [["id", 4]]
  [1m[35m (0.0ms)[0m  [1m[36mbegin transaction[0m
  [1m[36mClient Load (0.1ms)[0m  [1m[34mSELECT  "clients".* FROM "clients" WHERE "clients"."id" = ? LIMIT ?[0m  [["id", 1], ["LIMIT", 1]]
  [1m[36mTable Load (0.4ms)[0m  [1m[34mSELECT  "tables".* FROM "tables" WHERE "tables"."id" = ? LIMIT ?[0m  [["id", 1], ["LIMIT", 1]]
  [1m[36mRestaurant Load (0.1ms)[0m  [1m[34mSELECT  "restaurants".* FROM "restaurants" WHERE "restaurants"."id" = ? LIMIT ?[0m  [["id", 1], ["LIMIT", 1]]
  [1m[36mReservation Create (0.2ms)[0m  [1m[32mINSERT INTO "reservations" ("client_id", "table_id", "restaurant_id", "created_at", "updated_at") VALUES (?, ?, ?, ?, ?)[0m  [["client_id", 1], ["table_id", 1], ["restaurant_id", 1], ["created_at", "2019-02-20 13:00:48.489097"], ["updated_at", "2019-02-20 13:00:48.489097"]]
  [1m[35m (0.1ms)[0m  [1m[31mrollback transaction[0m
  [1m[35m (0.1ms)[0m  [1m[36mbegin transaction[0m
  [1m[36mClient Load (0.2ms)[0m  [1m[34mSELECT  "clients".* FROM "clients" WHERE "clients"."id" = ? LIMIT ?[0m  [["id", 1], ["LIMIT", 1]]
  [1m[36mTable Load (0.1ms)[0m  [1m[34mSELECT  "tables".* FROM "tables" WHERE "tables"."id" = ? LIMIT ?[0m  [["id", 1], ["LIMIT", 1]]
  [1m[36mRestaurant Load (0.1ms)[0m  [1m[34mSELECT  "restaurants".* FROM "restaurants" WHERE "restaurants"."id" = ? LIMIT ?[0m  [["id", 1], ["LIMIT", 1]]
  [1m[36mReservation Create (0.8ms)[0m  [1m[32mINSERT INTO "reservations" ("client_id", "table_id", "restaurant_id", "created_at", "updated_at") VALUES (?, ?, ?, ?, ?)[0m  [["client_id", 1], ["table_id", 1], ["restaurant_id", 1], ["created_at", "2019-02-20 13:01:06.676278"], ["updated_at", "2019-02-20 13:01:06.676278"]]
  [1m[35m (0.1ms)[0m  [1m[31mrollback transaction[0m
  [1m[35m (0.0ms)[0m  [1m[36mbegin transaction[0m
  [1m[36mClient Load (0.1ms)[0m  [1m[34mSELECT  "clients".* FROM "clients" WHERE "clients"."id" = ? LIMIT ?[0m  [["id", 1], ["LIMIT", 1]]
  [1m[36mTable Load (0.1ms)[0m  [1m[34mSELECT  "tables".* FROM "tables" WHERE "tables"."id" = ? LIMIT ?[0m  [["id", 1], ["LIMIT", 1]]
  [1m[36mRestaurant Load (0.1ms)[0m  [1m[34mSELECT  "restaurants".* FROM "restaurants" WHERE "restaurants"."id" = ? LIMIT ?[0m  [["id", 1], ["LIMIT", 1]]
  [1m[36mReservation Create (0.2ms)[0m  [1m[32mINSERT INTO "reservations" ("client_id", "table_id", "restaurant_id", "created_at", "updated_at") VALUES (?, ?, ?, ?, ?)[0m  [["client_id", 1], ["table_id", 1], ["restaurant_id", 1], ["created_at", "2019-02-20 13:01:12.307958"], ["updated_at", "2019-02-20 13:01:12.307958"]]
  [1m[35m (0.1ms)[0m  [1m[31mrollback transaction[0m
  [1m[35m (0.0ms)[0m  [1m[36mbegin transaction[0m
  [1m[36mClient Load (0.1ms)[0m  [1m[34mSELECT  "clients".* FROM "clients" WHERE "clients"."id" = ? LIMIT ?[0m  [["id", 1], ["LIMIT", 1]]
  [1m[36mTable Load (0.1ms)[0m  [1m[34mSELECT  "tables".* FROM "tables" WHERE "tables"."id" = ? LIMIT ?[0m  [["id", 1], ["LIMIT", 1]]
  [1m[36mRestaurant Load (0.1ms)[0m  [1m[34mSELECT  "restaurants".* FROM "restaurants" WHERE "restaurants"."id" = ? LIMIT ?[0m  [["id", 1], ["LIMIT", 1]]
  [1m[36mReservation Create (0.2ms)[0m  [1m[32mINSERT INTO "reservations" ("client_id", "table_id", "restaurant_id", "created_at", "updated_at") VALUES (?, ?, ?, ?, ?)[0m  [["client_id", 1], ["table_id", 1], ["restaurant_id", 1], ["created_at", "2019-02-20 13:01:42.196118"], ["updated_at", "2019-02-20 13:01:42.196118"]]
  [1m[36mReservation Load (0.1ms)[0m  [1m[34mSELECT  "reservations".* FROM "reservations" ORDER BY "reservations"."id" DESC LIMIT ?[0m  [["LIMIT", 1]]
  [1m[36mTable Load (0.0ms)[0m  [1m[34mSELECT  "tables".* FROM "tables" WHERE "tables"."id" = ? LIMIT ?[0m  [["id", 1], ["LIMIT", 1]]
  [1m[35m (0.1ms)[0m  [1m[31mrollback transaction[0m
  [1m[35m (0.1ms)[0m  [1m[36mbegin transaction[0m
  [1m[36mClient Load (0.2ms)[0m  [1m[34mSELECT  "clients".* FROM "clients" WHERE "clients"."id" = ? LIMIT ?[0m  [["id", 1], ["LIMIT", 1]]
  [1m[36mTable Load (0.1ms)[0m  [1m[34mSELECT  "tables".* FROM "tables" WHERE "tables"."id" = ? LIMIT ?[0m  [["id", 1], ["LIMIT", 1]]
  [1m[36mRestaurant Load (0.1ms)[0m  [1m[34mSELECT  "restaurants".* FROM "restaurants" WHERE "restaurants"."id" = ? LIMIT ?[0m  [["id", 1], ["LIMIT", 1]]
  [1m[36mReservation Create (0.7ms)[0m  [1m[32mINSERT INTO "reservations" ("client_id", "table_id", "restaurant_id", "created_at", "updated_at") VALUES (?, ?, ?, ?, ?)[0m  [["client_id", 1], ["table_id", 1], ["restaurant_id", 1], ["created_at", "2019-02-20 13:02:11.776139"], ["updated_at", "2019-02-20 13:02:11.776139"]]
  [1m[36mReservation Load (0.0ms)[0m  [1m[34mSELECT  "reservations".* FROM "reservations" ORDER BY "reservations"."id" DESC LIMIT ?[0m  [["LIMIT", 1]]
  [1m[36mTable Load (0.0ms)[0m  [1m[34mSELECT  "tables".* FROM "tables" WHERE "tables"."id" = ? LIMIT ?[0m  [["id", 1], ["LIMIT", 1]]
  [1m[35m (0.1ms)[0m  [1m[31mrollback transaction[0m
  [1m[35m (0.0ms)[0m  [1m[36mbegin transaction[0m
  [1m[36mClient Load (0.1ms)[0m  [1m[34mSELECT  "clients".* FROM "clients" WHERE "clients"."id" = ? LIMIT ?[0m  [["id", 1], ["LIMIT", 1]]
  [1m[36mTable Load (0.1ms)[0m  [1m[34mSELECT  "tables".* FROM "tables" WHERE "tables"."id" = ? LIMIT ?[0m  [["id", 1], ["LIMIT", 1]]
  [1m[36mRestaurant Load (0.1ms)[0m  [1m[34mSELECT  "restaurants".* FROM "restaurants" WHERE "restaurants"."id" = ? LIMIT ?[0m  [["id", 1], ["LIMIT", 1]]
  [1m[36mReservation Create (0.2ms)[0m  [1m[32mINSERT INTO "reservations" ("client_id", "table_id", "restaurant_id", "created_at", "updated_at") VALUES (?, ?, ?, ?, ?)[0m  [["client_id", 1], ["table_id", 1], ["restaurant_id", 1], ["created_at", "2019-02-20 13:02:15.879389"], ["updated_at", "2019-02-20 13:02:15.879389"]]
  [1m[36mReservation Load (0.1ms)[0m  [1m[34mSELECT  "reservations".* FROM "reservations" ORDER BY "reservations"."id" DESC LIMIT ?[0m  [["LIMIT", 1]]
  [1m[36mTable Load (0.0ms)[0m  [1m[34mSELECT  "tables".* FROM "tables" WHERE "tables"."id" = ? LIMIT ?[0m  [["id", 1], ["LIMIT", 1]]
  [1m[35m (0.1ms)[0m  [1m[31mrollback transaction[0m
  [1m[35m (0.0ms)[0m  [1m[36mbegin transaction[0m
  [1m[36mClient Load (0.1ms)[0m  [1m[34mSELECT  "clients".* FROM "clients" WHERE "clients"."id" = ? LIMIT ?[0m  [["id", 1], ["LIMIT", 1]]
  [1m[36mTable Load (0.1ms)[0m  [1m[34mSELECT  "tables".* FROM "tables" WHERE "tables"."id" = ? LIMIT ?[0m  [["id", 1], ["LIMIT", 1]]
  [1m[36mRestaurant Load (0.1ms)[0m  [1m[34mSELECT  "restaurants".* FROM "restaurants" WHERE "restaurants"."id" = ? LIMIT ?[0m  [["id", 1], ["LIMIT", 1]]
  [1m[36mReservation Create (0.2ms)[0m  [1m[32mINSERT INTO "reservations" ("client_id", "table_id", "restaurant_id", "created_at", "updated_at") VALUES (?, ?, ?, ?, ?)[0m  [["client_id", 1], ["table_id", 1], ["restaurant_id", 1], ["created_at", "2019-02-20 13:03:01.895420"], ["updated_at", "2019-02-20 13:03:01.895420"]]
  [1m[36mReservation Load (0.3ms)[0m  [1m[34mSELECT  "reservations".* FROM "reservations" ORDER BY "reservations"."id" DESC LIMIT ?[0m  [["LIMIT", 1]]
  [1m[36mTable Load (0.1ms)[0m  [1m[34mSELECT  "tables".* FROM "tables" WHERE "tables"."id" = ? LIMIT ?[0m  [["id", 1], ["LIMIT", 1]]
  [1m[36mTable Update (0.4ms)[0m  [1m[33mUPDATE "tables" SET "reservation_period" = ?, "updated_at" = ? WHERE "tables"."id" = ?[0m  [["reservation_period", 30], ["updated_at", "2019-02-20 13:05:33.786777"], ["id", 1]]
  [1m[36mReservation Load (0.3ms)[0m  [1m[34mSELECT  "reservations".* FROM "reservations" WHERE "reservations"."table_id" = ? LIMIT ?[0m  [["table_id", 1], ["LIMIT", 1]]
  [1m[36mTable Update (0.3ms)[0m  [1m[33mUPDATE "tables" SET "reserved_at" = ?, "updated_at" = ? WHERE "tables"."id" = ?[0m  [["reserved_at", "2019-02-20 13:06:04.713228"], ["updated_at", "2019-02-20 13:06:04.713772"], ["id", 1]]
  [1m[35m (63.3ms)[0m  [1m[36mcommit transaction[0m
  [1m[36mTable Load (0.4ms)[0m  [1m[34mSELECT  "tables".* FROM "tables" LIMIT ?[0m  [["LIMIT", 11]]
  [1m[35m (0.1ms)[0m  [1m[34mSELECT "schema_migrations"."version" FROM "schema_migrations" ORDER BY "schema_migrations"."version" ASC[0m
  ↳ /home/Ovsjah/.rvm/rubies/ruby-2.6.1/lib/ruby/gems/2.6.0/gems/rake-12.3.2/lib/rake/task.rb:273
  [1m[35m (0.1ms)[0m  [1m[34mSELECT "ar_internal_metadata"."value" FROM "ar_internal_metadata" WHERE "ar_internal_metadata"."key" = ?[0m  [["key", "environment"]]
  ↳ /home/Ovsjah/.rvm/rubies/ruby-2.6.1/lib/ruby/gems/2.6.0/gems/rake-12.3.2/lib/rake/task.rb:273
  [1m[35m (0.0ms)[0m  [1m[34mSELECT "schema_migrations"."version" FROM "schema_migrations" ORDER BY "schema_migrations"."version" ASC[0m
  ↳ /home/Ovsjah/.rvm/rubies/ruby-2.6.1/lib/ruby/gems/2.6.0/gems/rake-12.3.2/lib/rake/task.rb:273
  [1m[35m (0.0ms)[0m  [1m[34mSELECT "ar_internal_metadata"."value" FROM "ar_internal_metadata" WHERE "ar_internal_metadata"."key" = ?[0m  [["key", "environment"]]
  ↳ /home/Ovsjah/.rvm/rubies/ruby-2.6.1/lib/ruby/gems/2.6.0/gems/rake-12.3.2/lib/rake/task.rb:273
  [1m[35m (0.0ms)[0m  [1m[34mSELECT "schema_migrations"."version" FROM "schema_migrations" ORDER BY "schema_migrations"."version" ASC[0m
  ↳ /home/Ovsjah/.rvm/rubies/ruby-2.6.1/lib/ruby/gems/2.6.0/gems/rake-12.3.2/lib/rake/task.rb:273
  [1m[35m (0.0ms)[0m  [1m[34mSELECT "ar_internal_metadata"."value" FROM "ar_internal_metadata" WHERE "ar_internal_metadata"."key" = ?[0m  [["key", "environment"]]
  ↳ /home/Ovsjah/.rvm/rubies/ruby-2.6.1/lib/ruby/gems/2.6.0/gems/rake-12.3.2/lib/rake/task.rb:273
  [1m[35m (0.1ms)[0m  [1m[34mSELECT sqlite_version(*)[0m
  ↳ /home/Ovsjah/.rvm/rubies/ruby-2.6.1/lib/ruby/gems/2.6.0/gems/rake-12.3.2/lib/rake/task.rb:273
  [1m[35m (82.7ms)[0m  [1m[35mCREATE TABLE "schema_migrations" ("version" varchar NOT NULL PRIMARY KEY)[0m
  ↳ /home/Ovsjah/.rvm/rubies/ruby-2.6.1/lib/ruby/gems/2.6.0/gems/rake-12.3.2/lib/rake/task.rb:273
  [1m[35m (91.1ms)[0m  [1m[35mCREATE TABLE "ar_internal_metadata" ("key" varchar NOT NULL PRIMARY KEY, "value" varchar, "created_at" datetime NOT NULL, "updated_at" datetime NOT NULL)[0m
  ↳ /home/Ovsjah/.rvm/rubies/ruby-2.6.1/lib/ruby/gems/2.6.0/gems/rake-12.3.2/lib/rake/task.rb:273
  [1m[35m (0.1ms)[0m  [1m[34mSELECT "schema_migrations"."version" FROM "schema_migrations" ORDER BY "schema_migrations"."version" ASC[0m
  ↳ /home/Ovsjah/.rvm/rubies/ruby-2.6.1/lib/ruby/gems/2.6.0/gems/rake-12.3.2/lib/rake/task.rb:273
Migrating to CreateClients (20190220114816)
  [1m[35m (0.1ms)[0m  [1m[36mbegin transaction[0m
  ↳ /home/Ovsjah/.rvm/rubies/ruby-2.6.1/lib/ruby/gems/2.6.0/gems/rake-12.3.2/lib/rake/task.rb:273
  [1m[35m (0.3ms)[0m  [1m[35mCREATE TABLE "clients" ("id" integer PRIMARY KEY AUTOINCREMENT NOT NULL, "name" varchar, "created_at" datetime NOT NULL, "updated_at" datetime NOT NULL)[0m
  ↳ db/migrate/20190220114816_create_clients.rb:3
  [1m[36mActiveRecord::SchemaMigration Create (0.1ms)[0m  [1m[32mINSERT INTO "schema_migrations" ("version") VALUES (?)[0m  [["version", "20190220114816"]]
  ↳ /home/Ovsjah/.rvm/rubies/ruby-2.6.1/lib/ruby/gems/2.6.0/gems/rake-12.3.2/lib/rake/task.rb:273
  [1m[35m (80.5ms)[0m  [1m[36mcommit transaction[0m
  ↳ /home/Ovsjah/.rvm/rubies/ruby-2.6.1/lib/ruby/gems/2.6.0/gems/rake-12.3.2/lib/rake/task.rb:273
Migrating to CreateRestaurants (20190220120250)
  [1m[35m (0.1ms)[0m  [1m[36mbegin transaction[0m
  ↳ /home/Ovsjah/.rvm/rubies/ruby-2.6.1/lib/ruby/gems/2.6.0/gems/rake-12.3.2/lib/rake/task.rb:273
  [1m[35m (0.4ms)[0m  [1m[35mCREATE TABLE "restaurants" ("id" integer PRIMARY KEY AUTOINCREMENT NOT NULL, "name" varchar, "schedule" varchar, "created_at" datetime NOT NULL, "updated_at" datetime NOT NULL)[0m
  ↳ db/migrate/20190220120250_create_restaurants.rb:3
  [1m[36mActiveRecord::SchemaMigration Create (0.2ms)[0m  [1m[32mINSERT INTO "schema_migrations" ("version") VALUES (?)[0m  [["version", "20190220120250"]]
  ↳ /home/Ovsjah/.rvm/rubies/ruby-2.6.1/lib/ruby/gems/2.6.0/gems/rake-12.3.2/lib/rake/task.rb:273
  [1m[35m (71.9ms)[0m  [1m[36mcommit transaction[0m
  ↳ /home/Ovsjah/.rvm/rubies/ruby-2.6.1/lib/ruby/gems/2.6.0/gems/rake-12.3.2/lib/rake/task.rb:273
Migrating to CreateReservations (20190220125305)
  [1m[35m (0.1ms)[0m  [1m[36mbegin transaction[0m
  ↳ /home/Ovsjah/.rvm/rubies/ruby-2.6.1/lib/ruby/gems/2.6.0/gems/rake-12.3.2/lib/rake/task.rb:273
  [1m[35m (0.4ms)[0m  [1m[35mCREATE TABLE "reservations" ("id" integer PRIMARY KEY AUTOINCREMENT NOT NULL, "client_id" integer, "table_id" integer, "restaurant_id" integer, "created_at" datetime NOT NULL, "updated_at" datetime NOT NULL, CONSTRAINT "fk_rails_9c963d6879"
FOREIGN KEY ("client_id")
  REFERENCES "clients" ("id")
, CONSTRAINT "fk_rails_23ce71128d"
FOREIGN KEY ("table_id")
  REFERENCES "tables" ("id")
, CONSTRAINT "fk_rails_0d6bc84231"
FOREIGN KEY ("restaurant_id")
  REFERENCES "restaurants" ("id")
)[0m
  ↳ db/migrate/20190220125305_create_reservations.rb:3
  [1m[35m (0.1ms)[0m  [1m[35mCREATE  INDEX "index_reservations_on_client_id" ON "reservations" ("client_id")[0m
  ↳ db/migrate/20190220125305_create_reservations.rb:3
  [1m[35m (0.1ms)[0m  [1m[35mCREATE  INDEX "index_reservations_on_table_id" ON "reservations" ("table_id")[0m
  ↳ db/migrate/20190220125305_create_reservations.rb:3
  [1m[35m (0.1ms)[0m  [1m[35mCREATE  INDEX "index_reservations_on_restaurant_id" ON "reservations" ("restaurant_id")[0m
  ↳ db/migrate/20190220125305_create_reservations.rb:3
  [1m[36mActiveRecord::SchemaMigration Create (0.1ms)[0m  [1m[32mINSERT INTO "schema_migrations" ("version") VALUES (?)[0m  [["version", "20190220125305"]]
  ↳ /home/Ovsjah/.rvm/rubies/ruby-2.6.1/lib/ruby/gems/2.6.0/gems/rake-12.3.2/lib/rake/task.rb:273
  [1m[35m (86.6ms)[0m  [1m[36mcommit transaction[0m
  ↳ /home/Ovsjah/.rvm/rubies/ruby-2.6.1/lib/ruby/gems/2.6.0/gems/rake-12.3.2/lib/rake/task.rb:273
Migrating to CreateTables (20190220130950)
  [1m[35m (0.1ms)[0m  [1m[36mbegin transaction[0m
  ↳ /home/Ovsjah/.rvm/rubies/ruby-2.6.1/lib/ruby/gems/2.6.0/gems/rake-12.3.2/lib/rake/task.rb:273
  [1m[35m (0.4ms)[0m  [1m[35mCREATE TABLE "tables" ("id" integer PRIMARY KEY AUTOINCREMENT NOT NULL, "reserved" boolean DEFAULT 0, "reservation_period" integer, "reserved_at" datetime, "restaurant_id" integer, "created_at" datetime NOT NULL, "updated_at" datetime NOT NULL, CONSTRAINT "fk_rails_0700cfe41e"
FOREIGN KEY ("restaurant_id")
  REFERENCES "restaurants" ("id")
)[0m
  ↳ db/migrate/20190220130950_create_tables.rb:3
  [1m[35m (0.2ms)[0m  [1m[35mCREATE  INDEX "index_tables_on_restaurant_id" ON "tables" ("restaurant_id")[0m
  ↳ db/migrate/20190220130950_create_tables.rb:3
  [1m[36mActiveRecord::SchemaMigration Create (0.2ms)[0m  [1m[32mINSERT INTO "schema_migrations" ("version") VALUES (?)[0m  [["version", "20190220130950"]]
  ↳ /home/Ovsjah/.rvm/rubies/ruby-2.6.1/lib/ruby/gems/2.6.0/gems/rake-12.3.2/lib/rake/task.rb:273
  [1m[35m (86.2ms)[0m  [1m[36mcommit transaction[0m
  ↳ /home/Ovsjah/.rvm/rubies/ruby-2.6.1/lib/ruby/gems/2.6.0/gems/rake-12.3.2/lib/rake/task.rb:273
  [1m[36mActiveRecord::InternalMetadata Load (0.3ms)[0m  [1m[34mSELECT  "ar_internal_metadata".* FROM "ar_internal_metadata" WHERE "ar_internal_metadata"."key" = ? LIMIT ?[0m  [["key", "environment"], ["LIMIT", 1]]
  ↳ /home/Ovsjah/.rvm/rubies/ruby-2.6.1/lib/ruby/gems/2.6.0/gems/rake-12.3.2/lib/rake/task.rb:273
  [1m[35m (0.1ms)[0m  [1m[36mbegin transaction[0m
  ↳ /home/Ovsjah/.rvm/rubies/ruby-2.6.1/lib/ruby/gems/2.6.0/gems/rake-12.3.2/lib/rake/task.rb:273
  [1m[36mActiveRecord::InternalMetadata Create (0.3ms)[0m  [1m[32mINSERT INTO "ar_internal_metadata" ("key", "value", "created_at", "updated_at") VALUES (?, ?, ?, ?)[0m  [["key", "environment"], ["value", "development"], ["created_at", "2019-02-20 13:10:39.842308"], ["updated_at", "2019-02-20 13:10:39.842308"]]
  ↳ /home/Ovsjah/.rvm/rubies/ruby-2.6.1/lib/ruby/gems/2.6.0/gems/rake-12.3.2/lib/rake/task.rb:273
  [1m[35m (58.9ms)[0m  [1m[36mcommit transaction[0m
  ↳ /home/Ovsjah/.rvm/rubies/ruby-2.6.1/lib/ruby/gems/2.6.0/gems/rake-12.3.2/lib/rake/task.rb:273
  [1m[35m (0.1ms)[0m  [1m[34mSELECT "schema_migrations"."version" FROM "schema_migrations" ORDER BY "schema_migrations"."version" ASC[0m
  ↳ /home/Ovsjah/.rvm/rubies/ruby-2.6.1/lib/ruby/gems/2.6.0/gems/rake-12.3.2/lib/rake/task.rb:273
  [1m[35m (0.0ms)[0m  [1m[36mbegin transaction[0m
  [1m[36mRestaurant Create (0.3ms)[0m  [1m[32mINSERT INTO "restaurants" ("name", "schedule", "created_at", "updated_at") VALUES (?, ?, ?, ?)[0m  [["name", "Kievlyanochka"], ["schedule", "opens at 9 am and work till the last client"], ["created_at", "2019-02-20 13:10:55.688816"], ["updated_at", "2019-02-20 13:10:55.688816"]]
  [1m[35m (74.6ms)[0m  [1m[36mcommit transaction[0m
  [1m[35m (0.0ms)[0m  [1m[36mbegin transaction[0m
  [1m[36mRestaurant Load (0.1ms)[0m  [1m[34mSELECT  "restaurants".* FROM "restaurants" WHERE "restaurants"."id" = ? LIMIT ?[0m  [["id", 1], ["LIMIT", 1]]
  [1m[36mTable Create (0.2ms)[0m  [1m[32mINSERT INTO "tables" ("restaurant_id", "created_at", "updated_at") VALUES (?, ?, ?)[0m  [["restaurant_id", 1], ["created_at", "2019-02-20 13:11:05.452076"], ["updated_at", "2019-02-20 13:11:05.452076"]]
  [1m[35m (57.6ms)[0m  [1m[36mcommit transaction[0m
  [1m[35m (0.1ms)[0m  [1m[36mbegin transaction[0m
  [1m[36mRestaurant Load (0.2ms)[0m  [1m[34mSELECT  "restaurants".* FROM "restaurants" WHERE "restaurants"."id" = ? LIMIT ?[0m  [["id", 1], ["LIMIT", 1]]
  [1m[36mTable Create (0.8ms)[0m  [1m[32mINSERT INTO "tables" ("restaurant_id", "created_at", "updated_at") VALUES (?, ?, ?)[0m  [["restaurant_id", 1], ["created_at", "2019-02-20 13:11:16.304290"], ["updated_at", "2019-02-20 13:11:16.304290"]]
  [1m[35m (78.7ms)[0m  [1m[36mcommit transaction[0m
  [1m[35m (0.1ms)[0m  [1m[36mbegin transaction[0m
  [1m[36mRestaurant Load (0.2ms)[0m  [1m[34mSELECT  "restaurants".* FROM "restaurants" WHERE "restaurants"."id" = ? LIMIT ?[0m  [["id", 1], ["LIMIT", 1]]
  [1m[36mTable Create (0.5ms)[0m  [1m[32mINSERT INTO "tables" ("restaurant_id", "created_at", "updated_at") VALUES (?, ?, ?)[0m  [["restaurant_id", 1], ["created_at", "2019-02-20 13:11:27.526151"], ["updated_at", "2019-02-20 13:11:27.526151"]]
  [1m[35m (70.2ms)[0m  [1m[36mcommit transaction[0m
  [1m[35m (0.0ms)[0m  [1m[36mbegin transaction[0m
  [1m[36mClient Create (0.3ms)[0m  [1m[32mINSERT INTO "clients" ("name", "created_at", "updated_at") VALUES (?, ?, ?)[0m  [["name", "Ovsjah"], ["created_at", "2019-02-20 13:11:37.947908"], ["updated_at", "2019-02-20 13:11:37.947908"]]
  [1m[35m (68.7ms)[0m  [1m[36mcommit transaction[0m
  [1m[35m (0.0ms)[0m  [1m[36mbegin transaction[0m
  [1m[36mClient Load (0.1ms)[0m  [1m[34mSELECT  "clients".* FROM "clients" WHERE "clients"."id" = ? LIMIT ?[0m  [["id", 1], ["LIMIT", 1]]
  [1m[36mTable Load (0.1ms)[0m  [1m[34mSELECT  "tables".* FROM "tables" WHERE "tables"."id" = ? LIMIT ?[0m  [["id", 1], ["LIMIT", 1]]
  [1m[36mRestaurant Load (0.0ms)[0m  [1m[34mSELECT  "restaurants".* FROM "restaurants" WHERE "restaurants"."id" = ? LIMIT ?[0m  [["id", 1], ["LIMIT", 1]]
  [1m[36mReservation Create (0.2ms)[0m  [1m[32mINSERT INTO "reservations" ("client_id", "table_id", "restaurant_id", "created_at", "updated_at") VALUES (?, ?, ?, ?, ?)[0m  [["client_id", 1], ["table_id", 1], ["restaurant_id", 1], ["created_at", "2019-02-20 13:11:44.908925"], ["updated_at", "2019-02-20 13:11:44.908925"]]
  [1m[36mReservation Load (0.4ms)[0m  [1m[34mSELECT  "reservations".* FROM "reservations" ORDER BY "reservations"."id" DESC LIMIT ?[0m  [["LIMIT", 1]]
  [1m[36mTable Load (0.1ms)[0m  [1m[34mSELECT  "tables".* FROM "tables" WHERE "tables"."id" = ? LIMIT ?[0m  [["id", 1], ["LIMIT", 1]]
  [1m[36mRestaurant Load (0.2ms)[0m  [1m[34mSELECT  "restaurants".* FROM "restaurants" WHERE "restaurants"."id" = ? LIMIT ?[0m  [["id", 1], ["LIMIT", 1]]
  [1m[36mTable Update (0.2ms)[0m  [1m[33mUPDATE "tables" SET "reserved" = ?, "reservation_period" = ?, "reserved_at" = ?, "updated_at" = ? WHERE "tables"."id" = ?[0m  [["reserved", 1], ["reservation_period", 30], ["reserved_at", "2019-02-20 13:15:34.121932"], ["updated_at", "2019-02-20 13:15:34.124445"], ["id", 1]]
  [1m[35m (74.4ms)[0m  [1m[36mcommit transaction[0m
  [1m[35m (0.1ms)[0m  [1m[34mSELECT "schema_migrations"."version" FROM "schema_migrations" ORDER BY "schema_migrations"."version" ASC[0m
  ↳ /home/Ovsjah/.rvm/rubies/ruby-2.6.1/lib/ruby/gems/2.6.0/gems/rake-12.3.2/lib/rake/task.rb:273
  [1m[35m (0.1ms)[0m  [1m[34mSELECT "ar_internal_metadata"."value" FROM "ar_internal_metadata" WHERE "ar_internal_metadata"."key" = ?[0m  [["key", "environment"]]
  ↳ /home/Ovsjah/.rvm/rubies/ruby-2.6.1/lib/ruby/gems/2.6.0/gems/rake-12.3.2/lib/rake/task.rb:273
  [1m[35m (0.0ms)[0m  [1m[34mSELECT "schema_migrations"."version" FROM "schema_migrations" ORDER BY "schema_migrations"."version" ASC[0m
  ↳ /home/Ovsjah/.rvm/rubies/ruby-2.6.1/lib/ruby/gems/2.6.0/gems/rake-12.3.2/lib/rake/task.rb:273
  [1m[35m (0.0ms)[0m  [1m[34mSELECT "ar_internal_metadata"."value" FROM "ar_internal_metadata" WHERE "ar_internal_metadata"."key" = ?[0m  [["key", "environment"]]
  ↳ /home/Ovsjah/.rvm/rubies/ruby-2.6.1/lib/ruby/gems/2.6.0/gems/rake-12.3.2/lib/rake/task.rb:273
  [1m[35m (0.0ms)[0m  [1m[34mSELECT "schema_migrations"."version" FROM "schema_migrations" ORDER BY "schema_migrations"."version" ASC[0m
  ↳ /home/Ovsjah/.rvm/rubies/ruby-2.6.1/lib/ruby/gems/2.6.0/gems/rake-12.3.2/lib/rake/task.rb:273
  [1m[35m (0.0ms)[0m  [1m[34mSELECT "ar_internal_metadata"."value" FROM "ar_internal_metadata" WHERE "ar_internal_metadata"."key" = ?[0m  [["key", "environment"]]
  ↳ /home/Ovsjah/.rvm/rubies/ruby-2.6.1/lib/ruby/gems/2.6.0/gems/rake-12.3.2/lib/rake/task.rb:273
  [1m[35m (0.1ms)[0m  [1m[34mSELECT sqlite_version(*)[0m
  ↳ /home/Ovsjah/.rvm/rubies/ruby-2.6.1/lib/ruby/gems/2.6.0/gems/rake-12.3.2/lib/rake/task.rb:273
  [1m[35m (86.4ms)[0m  [1m[35mCREATE TABLE "schema_migrations" ("version" varchar NOT NULL PRIMARY KEY)[0m
  ↳ /home/Ovsjah/.rvm/rubies/ruby-2.6.1/lib/ruby/gems/2.6.0/gems/rake-12.3.2/lib/rake/task.rb:273
  [1m[35m (73.5ms)[0m  [1m[35mCREATE TABLE "ar_internal_metadata" ("key" varchar NOT NULL PRIMARY KEY, "value" varchar, "created_at" datetime NOT NULL, "updated_at" datetime NOT NULL)[0m
  ↳ /home/Ovsjah/.rvm/rubies/ruby-2.6.1/lib/ruby/gems/2.6.0/gems/rake-12.3.2/lib/rake/task.rb:273
  [1m[35m (0.2ms)[0m  [1m[34mSELECT "schema_migrations"."version" FROM "schema_migrations" ORDER BY "schema_migrations"."version" ASC[0m
  ↳ /home/Ovsjah/.rvm/rubies/ruby-2.6.1/lib/ruby/gems/2.6.0/gems/rake-12.3.2/lib/rake/task.rb:273
Migrating to CreateClients (20190220114816)
  [1m[35m (0.1ms)[0m  [1m[36mbegin transaction[0m
  ↳ /home/Ovsjah/.rvm/rubies/ruby-2.6.1/lib/ruby/gems/2.6.0/gems/rake-12.3.2/lib/rake/task.rb:273
  [1m[35m (0.5ms)[0m  [1m[35mCREATE TABLE "clients" ("id" integer PRIMARY KEY AUTOINCREMENT NOT NULL, "name" varchar, "created_at" datetime NOT NULL, "updated_at" datetime NOT NULL)[0m
  ↳ db/migrate/20190220114816_create_clients.rb:3
  [1m[36mActiveRecord::SchemaMigration Create (0.1ms)[0m  [1m[32mINSERT INTO "schema_migrations" ("version") VALUES (?)[0m  [["version", "20190220114816"]]
  ↳ /home/Ovsjah/.rvm/rubies/ruby-2.6.1/lib/ruby/gems/2.6.0/gems/rake-12.3.2/lib/rake/task.rb:273
  [1m[35m (79.9ms)[0m  [1m[36mcommit transaction[0m
  ↳ /home/Ovsjah/.rvm/rubies/ruby-2.6.1/lib/ruby/gems/2.6.0/gems/rake-12.3.2/lib/rake/task.rb:273
Migrating to CreateRestaurants (20190220120250)
  [1m[35m (0.1ms)[0m  [1m[36mbegin transaction[0m
  ↳ /home/Ovsjah/.rvm/rubies/ruby-2.6.1/lib/ruby/gems/2.6.0/gems/rake-12.3.2/lib/rake/task.rb:273
  [1m[35m (0.4ms)[0m  [1m[35mCREATE TABLE "restaurants" ("id" integer PRIMARY KEY AUTOINCREMENT NOT NULL, "name" varchar, "schedule" varchar, "created_at" datetime NOT NULL, "updated_at" datetime NOT NULL)[0m
  ↳ db/migrate/20190220120250_create_restaurants.rb:3
  [1m[36mActiveRecord::SchemaMigration Create (0.2ms)[0m  [1m[32mINSERT INTO "schema_migrations" ("version") VALUES (?)[0m  [["version", "20190220120250"]]
  ↳ /home/Ovsjah/.rvm/rubies/ruby-2.6.1/lib/ruby/gems/2.6.0/gems/rake-12.3.2/lib/rake/task.rb:273
  [1m[35m (80.2ms)[0m  [1m[36mcommit transaction[0m
  ↳ /home/Ovsjah/.rvm/rubies/ruby-2.6.1/lib/ruby/gems/2.6.0/gems/rake-12.3.2/lib/rake/task.rb:273
Migrating to CreateTables (20190220130950)
  [1m[35m (0.1ms)[0m  [1m[36mbegin transaction[0m
  ↳ /home/Ovsjah/.rvm/rubies/ruby-2.6.1/lib/ruby/gems/2.6.0/gems/rake-12.3.2/lib/rake/task.rb:273
  [1m[35m (0.6ms)[0m  [1m[35mCREATE TABLE "tables" ("id" integer PRIMARY KEY AUTOINCREMENT NOT NULL, "reserved" boolean DEFAULT 0, "reservation_period" integer, "reserved_at" datetime, "restaurant_id" integer, "created_at" datetime NOT NULL, "updated_at" datetime NOT NULL, CONSTRAINT "fk_rails_0700cfe41e"
FOREIGN KEY ("restaurant_id")
  REFERENCES "restaurants" ("id")
)[0m
  ↳ db/migrate/20190220130950_create_tables.rb:3
  [1m[35m (0.2ms)[0m  [1m[35mCREATE  INDEX "index_tables_on_restaurant_id" ON "tables" ("restaurant_id")[0m
  ↳ db/migrate/20190220130950_create_tables.rb:3
  [1m[36mActiveRecord::SchemaMigration Create (0.2ms)[0m  [1m[32mINSERT INTO "schema_migrations" ("version") VALUES (?)[0m  [["version", "20190220130950"]]
  ↳ /home/Ovsjah/.rvm/rubies/ruby-2.6.1/lib/ruby/gems/2.6.0/gems/rake-12.3.2/lib/rake/task.rb:273
  [1m[35m (85.6ms)[0m  [1m[36mcommit transaction[0m
  ↳ /home/Ovsjah/.rvm/rubies/ruby-2.6.1/lib/ruby/gems/2.6.0/gems/rake-12.3.2/lib/rake/task.rb:273
Migrating to CreateReservations (20190220132449)
  [1m[35m (0.1ms)[0m  [1m[36mbegin transaction[0m
  ↳ /home/Ovsjah/.rvm/rubies/ruby-2.6.1/lib/ruby/gems/2.6.0/gems/rake-12.3.2/lib/rake/task.rb:273
  [1m[35m (0.5ms)[0m  [1m[35mCREATE TABLE "reservations" ("id" integer PRIMARY KEY AUTOINCREMENT NOT NULL, "period" integer, "client_id" integer, "table_id" integer, "restaurant_id" integer, "created_at" datetime NOT NULL, "updated_at" datetime NOT NULL, CONSTRAINT "fk_rails_9c963d6879"
FOREIGN KEY ("client_id")
  REFERENCES "clients" ("id")
, CONSTRAINT "fk_rails_23ce71128d"
FOREIGN KEY ("table_id")
  REFERENCES "tables" ("id")
, CONSTRAINT "fk_rails_0d6bc84231"
FOREIGN KEY ("restaurant_id")
  REFERENCES "restaurants" ("id")
)[0m
  ↳ db/migrate/20190220132449_create_reservations.rb:3
  [1m[35m (0.2ms)[0m  [1m[35mCREATE  INDEX "index_reservations_on_client_id" ON "reservations" ("client_id")[0m
  ↳ db/migrate/20190220132449_create_reservations.rb:3
  [1m[35m (0.2ms)[0m  [1m[35mCREATE  INDEX "index_reservations_on_table_id" ON "reservations" ("table_id")[0m
  ↳ db/migrate/20190220132449_create_reservations.rb:3
  [1m[35m (0.2ms)[0m  [1m[35mCREATE  INDEX "index_reservations_on_restaurant_id" ON "reservations" ("restaurant_id")[0m
  ↳ db/migrate/20190220132449_create_reservations.rb:3
  [1m[36mActiveRecord::SchemaMigration Create (0.2ms)[0m  [1m[32mINSERT INTO "schema_migrations" ("version") VALUES (?)[0m  [["version", "20190220132449"]]
  ↳ /home/Ovsjah/.rvm/rubies/ruby-2.6.1/lib/ruby/gems/2.6.0/gems/rake-12.3.2/lib/rake/task.rb:273
  [1m[35m (81.4ms)[0m  [1m[36mcommit transaction[0m
  ↳ /home/Ovsjah/.rvm/rubies/ruby-2.6.1/lib/ruby/gems/2.6.0/gems/rake-12.3.2/lib/rake/task.rb:273
  [1m[36mActiveRecord::InternalMetadata Load (0.2ms)[0m  [1m[34mSELECT  "ar_internal_metadata".* FROM "ar_internal_metadata" WHERE "ar_internal_metadata"."key" = ? LIMIT ?[0m  [["key", "environment"], ["LIMIT", 1]]
  ↳ /home/Ovsjah/.rvm/rubies/ruby-2.6.1/lib/ruby/gems/2.6.0/gems/rake-12.3.2/lib/rake/task.rb:273
  [1m[35m (0.1ms)[0m  [1m[36mbegin transaction[0m
  ↳ /home/Ovsjah/.rvm/rubies/ruby-2.6.1/lib/ruby/gems/2.6.0/gems/rake-12.3.2/lib/rake/task.rb:273
  [1m[36mActiveRecord::InternalMetadata Create (0.2ms)[0m  [1m[32mINSERT INTO "ar_internal_metadata" ("key", "value", "created_at", "updated_at") VALUES (?, ?, ?, ?)[0m  [["key", "environment"], ["value", "development"], ["created_at", "2019-02-20 13:25:03.598997"], ["updated_at", "2019-02-20 13:25:03.598997"]]
  ↳ /home/Ovsjah/.rvm/rubies/ruby-2.6.1/lib/ruby/gems/2.6.0/gems/rake-12.3.2/lib/rake/task.rb:273
  [1m[35m (60.0ms)[0m  [1m[36mcommit transaction[0m
  ↳ /home/Ovsjah/.rvm/rubies/ruby-2.6.1/lib/ruby/gems/2.6.0/gems/rake-12.3.2/lib/rake/task.rb:273
  [1m[35m (0.1ms)[0m  [1m[34mSELECT "schema_migrations"."version" FROM "schema_migrations" ORDER BY "schema_migrations"."version" ASC[0m
  ↳ /home/Ovsjah/.rvm/rubies/ruby-2.6.1/lib/ruby/gems/2.6.0/gems/rake-12.3.2/lib/rake/task.rb:273
  [1m[35m (0.0ms)[0m  [1m[36mbegin transaction[0m
  [1m[36mRestaurant Create (0.2ms)[0m  [1m[32mINSERT INTO "restaurants" ("name", "schedule", "created_at", "updated_at") VALUES (?, ?, ?, ?)[0m  [["name", "Kievlyanochka"], ["schedule", "opens at 9 am and work till the last client"], ["created_at", "2019-02-20 13:27:08.157629"], ["updated_at", "2019-02-20 13:27:08.157629"]]
  [1m[35m (78.7ms)[0m  [1m[36mcommit transaction[0m
  [1m[35m (0.0ms)[0m  [1m[36mbegin transaction[0m
  [1m[36mRestaurant Load (0.1ms)[0m  [1m[34mSELECT  "restaurants".* FROM "restaurants" WHERE "restaurants"."id" = ? LIMIT ?[0m  [["id", 1], ["LIMIT", 1]]
  [1m[36mTable Create (0.2ms)[0m  [1m[32mINSERT INTO "tables" ("restaurant_id", "created_at", "updated_at") VALUES (?, ?, ?)[0m  [["restaurant_id", 1], ["created_at", "2019-02-20 13:27:10.662051"], ["updated_at", "2019-02-20 13:27:10.662051"]]
  [1m[35m (59.1ms)[0m  [1m[36mcommit transaction[0m
  [1m[35m (0.1ms)[0m  [1m[36mbegin transaction[0m
  [1m[36mRestaurant Load (0.1ms)[0m  [1m[34mSELECT  "restaurants".* FROM "restaurants" WHERE "restaurants"."id" = ? LIMIT ?[0m  [["id", 1], ["LIMIT", 1]]
  [1m[36mTable Create (1.0ms)[0m  [1m[32mINSERT INTO "tables" ("restaurant_id", "created_at", "updated_at") VALUES (?, ?, ?)[0m  [["restaurant_id", 1], ["created_at", "2019-02-20 13:27:13.238156"], ["updated_at", "2019-02-20 13:27:13.238156"]]
  [1m[35m (57.0ms)[0m  [1m[36mcommit transaction[0m
  [1m[35m (0.1ms)[0m  [1m[36mbegin transaction[0m
  [1m[36mRestaurant Load (0.2ms)[0m  [1m[34mSELECT  "restaurants".* FROM "restaurants" WHERE "restaurants"."id" = ? LIMIT ?[0m  [["id", 1], ["LIMIT", 1]]
  [1m[36mTable Create (1.3ms)[0m  [1m[32mINSERT INTO "tables" ("restaurant_id", "created_at", "updated_at") VALUES (?, ?, ?)[0m  [["restaurant_id", 1], ["created_at", "2019-02-20 13:27:17.380228"], ["updated_at", "2019-02-20 13:27:17.380228"]]
  [1m[35m (55.7ms)[0m  [1m[36mcommit transaction[0m
  [1m[35m (0.0ms)[0m  [1m[36mbegin transaction[0m
  [1m[36mClient Create (0.1ms)[0m  [1m[32mINSERT INTO "clients" ("name", "created_at", "updated_at") VALUES (?, ?, ?)[0m  [["name", "Ovsjah"], ["created_at", "2019-02-20 13:27:21.898123"], ["updated_at", "2019-02-20 13:27:21.898123"]]
  [1m[35m (64.6ms)[0m  [1m[36mcommit transaction[0m
  [1m[35m (0.1ms)[0m  [1m[36mbegin transaction[0m
  [1m[36mClient Create (0.7ms)[0m  [1m[32mINSERT INTO "clients" ("name", "created_at", "updated_at") VALUES (?, ?, ?)[0m  [["name", "Ovsjah"], ["created_at", "2019-02-20 13:28:16.422050"], ["updated_at", "2019-02-20 13:28:16.422050"]]
  [1m[35m (62.5ms)[0m  [1m[36mcommit transaction[0m
  [1m[36mClient Load (0.4ms)[0m  [1m[34mSELECT  "clients".* FROM "clients" LIMIT ?[0m  [["LIMIT", 11]]
  [1m[36mClient Load (0.4ms)[0m  [1m[34mSELECT  "clients".* FROM "clients" ORDER BY "clients"."id" DESC LIMIT ?[0m  [["LIMIT", 1]]
  [1m[36mClient Destroy (59.4ms)[0m  [1m[31mDELETE FROM "clients" WHERE "clients"."id" = ?[0m  [["id", 2]]
  [1m[36mClient Load (0.3ms)[0m  [1m[34mSELECT  "clients".* FROM "clients" ORDER BY "clients"."id" ASC LIMIT ?[0m  [["LIMIT", 1]]
  [1m[36mClient Load (0.1ms)[0m  [1m[34mSELECT  "clients".* FROM "clients" ORDER BY "clients"."id" ASC LIMIT ?[0m  [["LIMIT", 1]]
  [1m[36mClient Load (0.1ms)[0m  [1m[34mSELECT  "clients".* FROM "clients" ORDER BY "clients"."id" ASC LIMIT ?[0m  [["LIMIT", 1]]
  [1m[36mRestaurant Load (0.1ms)[0m  [1m[34mSELECT  "restaurants".* FROM "restaurants" WHERE "restaurants"."name" = ? LIMIT ?[0m  [["name", "Kievlyanochka"], ["LIMIT", 1]]
  [1m[35m (0.0ms)[0m  [1m[36mbegin transaction[0m
  [1m[36mTable Load (0.1ms)[0m  [1m[34mSELECT  "tables".* FROM "tables" WHERE "tables"."id" = ? LIMIT ?[0m  [["id", 2], ["LIMIT", 1]]
  [1m[36mRestaurant Load (0.1ms)[0m  [1m[34mSELECT  "restaurants".* FROM "restaurants" WHERE "restaurants"."id" = ? LIMIT ?[0m  [["id", 1], ["LIMIT", 1]]
  [1m[35m (0.0ms)[0m  [1m[31mrollback transaction[0m
  [1m[36mRestaurant Load (0.3ms)[0m  [1m[34mSELECT  "restaurants".* FROM "restaurants" WHERE "restaurants"."name" = ? LIMIT ?[0m  [["name", "Kievlyanochka"], ["LIMIT", 1]]
  [1m[35m (0.1ms)[0m  [1m[36mbegin transaction[0m
  [1m[36mTable Load (0.2ms)[0m  [1m[34mSELECT  "tables".* FROM "tables" WHERE "tables"."id" = ? LIMIT ?[0m  [["id", 2], ["LIMIT", 1]]
  [1m[36mRestaurant Load (0.1ms)[0m  [1m[34mSELECT  "restaurants".* FROM "restaurants" WHERE "restaurants"."id" = ? LIMIT ?[0m  [["id", 1], ["LIMIT", 1]]
  [1m[35m (0.1ms)[0m  [1m[31mrollback transaction[0m
  [1m[36mClient Load (0.1ms)[0m  [1m[34mSELECT  "clients".* FROM "clients" ORDER BY "clients"."id" ASC LIMIT ?[0m  [["LIMIT", 1]]
  [1m[36mRestaurant Load (0.2ms)[0m  [1m[34mSELECT  "restaurants".* FROM "restaurants" WHERE "restaurants"."name" = ? LIMIT ?[0m  [["name", "Kievlyanochka"], ["LIMIT", 1]]
  [1m[35m (0.0ms)[0m  [1m[36mbegin transaction[0m
  [1m[36mClient Load (0.1ms)[0m  [1m[34mSELECT  "clients".* FROM "clients" WHERE "clients"."id" = ? LIMIT ?[0m  [["id", 1], ["LIMIT", 1]]
  [1m[36mTable Load (0.1ms)[0m  [1m[34mSELECT  "tables".* FROM "tables" WHERE "tables"."id" = ? LIMIT ?[0m  [["id", 2], ["LIMIT", 1]]
  [1m[36mRestaurant Load (0.1ms)[0m  [1m[34mSELECT  "restaurants".* FROM "restaurants" WHERE "restaurants"."id" = ? LIMIT ?[0m  [["id", 1], ["LIMIT", 1]]
  [1m[36mReservation Create (0.3ms)[0m  [1m[32mINSERT INTO "reservations" ("period", "client_id", "table_id", "restaurant_id", "created_at", "updated_at") VALUES (?, ?, ?, ?, ?, ?)[0m  [["period", 90], ["client_id", 1], ["table_id", 2], ["restaurant_id", 1], ["created_at", "2019-02-20 13:31:02.060224"], ["updated_at", "2019-02-20 13:31:02.060224"]]
  [1m[36mReservation Load (0.1ms)[0m  [1m[34mSELECT  "reservations".* FROM "reservations" ORDER BY "reservations"."id" DESC LIMIT ?[0m  [["LIMIT", 1]]
  [1m[36mTable Load (0.0ms)[0m  [1m[34mSELECT  "tables".* FROM "tables" WHERE "tables"."id" = ? LIMIT ?[0m  [["id", 2], ["LIMIT", 1]]
  [1m[36mRestaurant Load (0.0ms)[0m  [1m[34mSELECT  "restaurants".* FROM "restaurants" WHERE "restaurants"."id" = ? LIMIT ?[0m  [["id", 1], ["LIMIT", 1]]
  [1m[36mTable Update (0.1ms)[0m  [1m[33mUPDATE "tables" SET "reserved" = ?, "reservation_period" = ?, "reserved_at" = ?, "updated_at" = ? WHERE "tables"."id" = ?[0m  [["reserved", 1], ["reservation_period", 90], ["reserved_at", "2019-02-20 13:31:02.061808"], ["updated_at", "2019-02-20 13:31:02.063242"], ["id", 2]]
  [1m[35m (59.3ms)[0m  [1m[36mcommit transaction[0m
  [1m[36mClient Load (0.1ms)[0m  [1m[34mSELECT  "clients".* FROM "clients" ORDER BY "clients"."id" ASC LIMIT ?[0m  [["LIMIT", 1]]
  [1m[36mRestaurant Load (0.1ms)[0m  [1m[34mSELECT  "restaurants".* FROM "restaurants" WHERE "restaurants"."name" = ? LIMIT ?[0m  [["name", "Kievlyanochka"], ["LIMIT", 1]]
  [1m[35m (0.0ms)[0m  [1m[36mbegin transaction[0m
  [1m[36mClient Load (0.1ms)[0m  [1m[34mSELECT  "clients".* FROM "clients" WHERE "clients"."id" = ? LIMIT ?[0m  [["id", 1], ["LIMIT", 1]]
  [1m[36mTable Load (0.1ms)[0m  [1m[34mSELECT  "tables".* FROM "tables" WHERE "tables"."id" = ? LIMIT ?[0m  [["id", 3], ["LIMIT", 1]]
  [1m[36mRestaurant Load (0.1ms)[0m  [1m[34mSELECT  "restaurants".* FROM "restaurants" WHERE "restaurants"."id" = ? LIMIT ?[0m  [["id", 1], ["LIMIT", 1]]
  [1m[36mReservation Create (0.2ms)[0m  [1m[32mINSERT INTO "reservations" ("period", "client_id", "table_id", "restaurant_id", "created_at", "updated_at") VALUES (?, ?, ?, ?, ?, ?)[0m  [["period", 90], ["client_id", 1], ["table_id", 3], ["restaurant_id", 1], ["created_at", "2019-02-20 13:32:51.319047"], ["updated_at", "2019-02-20 13:32:51.319047"]]
  [1m[36mReservation Load (0.4ms)[0m  [1m[34mSELECT  "reservations".* FROM "reservations" ORDER BY "reservations"."id" DESC LIMIT ?[0m  [["LIMIT", 1]]
  [1m[36mTable Load (0.2ms)[0m  [1m[34mSELECT  "tables".* FROM "tables" WHERE "tables"."id" = ? LIMIT ?[0m  [["id", 3], ["LIMIT", 1]]
  [1m[36mRestaurant Load (0.2ms)[0m  [1m[34mSELECT  "restaurants".* FROM "restaurants" WHERE "restaurants"."id" = ? LIMIT ?[0m  [["id", 1], ["LIMIT", 1]]
  [1m[36mTable Update (0.4ms)[0m  [1m[33mUPDATE "tables" SET "reserved" = ?, "reservation_period" = ?, "reserved_at" = ?, "updated_at" = ? WHERE "tables"."id" = ?[0m  [["reserved", 1], ["reservation_period", 90], ["reserved_at", "2019-02-20 13:34:13.793160"], ["updated_at", "2019-02-20 13:34:13.799189"], ["id", 3]]
  [1m[36mReservation Load (0.3ms)[0m  [1m[34mSELECT  "reservations".* FROM "reservations" ORDER BY "reservations"."id" DESC LIMIT ?[0m  [["LIMIT", 1]]
  [1m[36mTable Load (0.1ms)[0m  [1m[34mSELECT  "tables".* FROM "tables" WHERE "tables"."id" = ? LIMIT ?[0m  [["id", 3], ["LIMIT", 1]]
  [1m[36mRestaurant Load (0.1ms)[0m  [1m[34mSELECT  "restaurants".* FROM "restaurants" WHERE "restaurants"."id" = ? LIMIT ?[0m  [["id", 1], ["LIMIT", 1]]
  [1m[36mTable Update (0.1ms)[0m  [1m[33mUPDATE "tables" SET "reserved_at" = ?, "updated_at" = ? WHERE "tables"."id" = ?[0m  [["reserved_at", "2019-02-20 13:34:21.707249"], ["updated_at", "2019-02-20 13:34:21.709408"], ["id", 3]]
  [1m[35m (56.7ms)[0m  [1m[36mcommit transaction[0m
  [1m[36mTable Load (0.4ms)[0m  [1m[34mSELECT  "tables".* FROM "tables" LIMIT ?[0m  [["LIMIT", 11]]
  [1m[36mClient Load (0.1ms)[0m  [1m[34mSELECT  "clients".* FROM "clients" ORDER BY "clients"."id" ASC LIMIT ?[0m  [["LIMIT", 1]]
  [1m[36mClient Load (0.1ms)[0m  [1m[34mSELECT  "clients".* FROM "clients" ORDER BY "clients"."id" ASC LIMIT ?[0m  [["LIMIT", 1]]
  [1m[36mRestaurant Load (0.1ms)[0m  [1m[34mSELECT  "restaurants".* FROM "restaurants" WHERE "restaurants"."name" = ? LIMIT ?[0m  [["name", "Kievlyanochka"], ["LIMIT", 1]]
  [1m[35m (0.0ms)[0m  [1m[36mbegin transaction[0m
  [1m[36mClient Load (0.1ms)[0m  [1m[34mSELECT  "clients".* FROM "clients" WHERE "clients"."id" = ? LIMIT ?[0m  [["id", 1], ["LIMIT", 1]]
  [1m[36mTable Load (0.1ms)[0m  [1m[34mSELECT  "tables".* FROM "tables" WHERE "tables"."id" = ? LIMIT ?[0m  [["id", 3], ["LIMIT", 1]]
  [1m[36mRestaurant Load (0.1ms)[0m  [1m[34mSELECT  "restaurants".* FROM "restaurants" WHERE "restaurants"."id" = ? LIMIT ?[0m  [["id", 1], ["LIMIT", 1]]
  [1m[36mReservation Create (0.2ms)[0m  [1m[32mINSERT INTO "reservations" ("period", "client_id", "table_id", "restaurant_id", "created_at", "updated_at") VALUES (?, ?, ?, ?, ?, ?)[0m  [["period", 90], ["client_id", 1], ["table_id", 3], ["restaurant_id", 1], ["created_at", "2019-02-20 13:37:19.254210"], ["updated_at", "2019-02-20 13:37:19.254210"]]
  [1m[36mReservation Load (0.1ms)[0m  [1m[34mSELECT  "reservations".* FROM "reservations" ORDER BY "reservations"."id" DESC LIMIT ?[0m  [["LIMIT", 1]]
  [1m[36mTable Load (0.0ms)[0m  [1m[34mSELECT  "tables".* FROM "tables" WHERE "tables"."id" = ? LIMIT ?[0m  [["id", 3], ["LIMIT", 1]]
  [1m[35m (55.5ms)[0m  [1m[36mcommit transaction[0m
  [1m[36mClient Load (0.3ms)[0m  [1m[34mSELECT  "clients".* FROM "clients" ORDER BY "clients"."id" ASC LIMIT ?[0m  [["LIMIT", 1]]
  [1m[36mRestaurant Load (0.1ms)[0m  [1m[34mSELECT  "restaurants".* FROM "restaurants" WHERE "restaurants"."name" = ? LIMIT ?[0m  [["name", "Kievlyanochka"], ["LIMIT", 1]]
  [1m[35m (0.0ms)[0m  [1m[36mbegin transaction[0m
  [1m[36mClient Load (0.1ms)[0m  [1m[34mSELECT  "clients".* FROM "clients" WHERE "clients"."id" = ? LIMIT ?[0m  [["id", 1], ["LIMIT", 1]]
  [1m[36mTable Load (0.1ms)[0m  [1m[34mSELECT  "tables".* FROM "tables" WHERE "tables"."id" = ? LIMIT ?[0m  [["id", 1], ["LIMIT", 1]]
  [1m[36mRestaurant Load (0.1ms)[0m  [1m[34mSELECT  "restaurants".* FROM "restaurants" WHERE "restaurants"."id" = ? LIMIT ?[0m  [["id", 1], ["LIMIT", 1]]
  [1m[36mReservation Create (0.5ms)[0m  [1m[32mINSERT INTO "reservations" ("period", "client_id", "table_id", "restaurant_id", "created_at", "updated_at") VALUES (?, ?, ?, ?, ?, ?)[0m  [["period", 90], ["client_id", 1], ["table_id", 1], ["restaurant_id", 1], ["created_at", "2019-02-20 13:37:50.540154"], ["updated_at", "2019-02-20 13:37:50.540154"]]
  [1m[36mReservation Load (0.1ms)[0m  [1m[34mSELECT  "reservations".* FROM "reservations" ORDER BY "reservations"."id" DESC LIMIT ?[0m  [["LIMIT", 1]]
  [1m[36mTable Load (0.0ms)[0m  [1m[34mSELECT  "tables".* FROM "tables" WHERE "tables"."id" = ? LIMIT ?[0m  [["id", 1], ["LIMIT", 1]]
